2020-09-21 11:46:45 INFO  Benchmark_Timer - Begin run: testWaitPeriods with 2 runs
2020-09-21 21:29:30 INFO  Benchmark_Timer - Begin run: testWaitPeriods with 2 runs
2020-09-21 21:54:02 DEBUG Config - Config.get(helper, instrument) = true
2020-09-21 21:54:02 DEBUG Config - Config.get(helper, seed) = 0
2020-09-21 21:54:02 DEBUG Config - Config.get(instrumenting, copies) = true
2020-09-21 21:54:02 DEBUG Config - Config.get(instrumenting, swaps) = true
2020-09-21 21:54:02 DEBUG Config - Config.get(instrumenting, compares) = true
2020-09-21 21:54:02 DEBUG Config - Config.get(instrumenting, inversions) = 1
2020-09-21 21:54:02 DEBUG Config - Config.get(instrumenting, fixes) = true
2020-09-21 21:54:02 DEBUG Config - Config.get(helper, cutoff) = 
2020-09-21 21:54:10 DEBUG Config - Config.get(helper, instrument) = true
2020-09-21 21:54:10 DEBUG Config - Config.get(helper, seed) = 0
2020-09-21 21:54:10 DEBUG Config - Config.get(instrumenting, copies) = true
2020-09-21 21:54:10 DEBUG Config - Config.get(instrumenting, swaps) = true
2020-09-21 21:54:10 DEBUG Config - Config.get(instrumenting, compares) = true
2020-09-21 21:54:10 DEBUG Config - Config.get(instrumenting, inversions) = 1
2020-09-21 21:54:10 DEBUG Config - Config.get(instrumenting, fixes) = true
2020-09-21 21:54:10 DEBUG Config - Config.get(helper, cutoff) = 
2020-09-21 21:55:21 DEBUG Config - Config.get(helper, instrument) = true
2020-09-21 21:55:21 DEBUG Config - Config.get(helper, seed) = 0
2020-09-21 21:55:21 DEBUG Config - Config.get(instrumenting, copies) = true
2020-09-21 21:55:21 DEBUG Config - Config.get(instrumenting, swaps) = true
2020-09-21 21:55:21 DEBUG Config - Config.get(instrumenting, compares) = true
2020-09-21 21:55:21 DEBUG Config - Config.get(instrumenting, inversions) = 1
2020-09-21 21:55:21 DEBUG Config - Config.get(instrumenting, fixes) = true
2020-09-21 21:55:21 DEBUG Config - Config.get(helper, cutoff) = 
2020-09-21 21:55:26 DEBUG Config - Config.get(helper, instrument) = true
2020-09-21 21:55:26 DEBUG Config - Config.get(helper, seed) = 0
2020-09-21 21:55:26 DEBUG Config - Config.get(instrumenting, copies) = true
2020-09-21 21:55:26 DEBUG Config - Config.get(instrumenting, swaps) = true
2020-09-21 21:55:26 DEBUG Config - Config.get(instrumenting, compares) = true
2020-09-21 21:55:26 DEBUG Config - Config.get(instrumenting, inversions) = 1
2020-09-21 21:55:26 DEBUG Config - Config.get(instrumenting, fixes) = true
2020-09-21 21:55:26 DEBUG Config - Config.get(helper, cutoff) = 
2020-09-21 22:07:35 DEBUG Config - Config.get(helper, instrument) = true
2020-09-21 22:07:35 DEBUG Config - Config.get(helper, seed) = 0
2020-09-21 22:07:35 DEBUG Config - Config.get(instrumenting, copies) = true
2020-09-21 22:07:35 DEBUG Config - Config.get(instrumenting, swaps) = true
2020-09-21 22:07:35 DEBUG Config - Config.get(instrumenting, compares) = true
2020-09-21 22:07:35 DEBUG Config - Config.get(instrumenting, inversions) = 1
2020-09-21 22:07:35 DEBUG Config - Config.get(instrumenting, fixes) = true
2020-09-21 22:07:35 DEBUG Config - Config.get(helper, cutoff) = 
2020-09-21 22:32:32 INFO  Benchmark_Timer - Begin run: testWaitPeriods with 2 runs
2020-09-22 20:45:37 INFO  Benchmark_Timer - Begin run: testWaitPeriods with 2 runs
2020-09-22 21:15:42 INFO  Benchmark_Timer - Begin run: InsertionSort with 100 runs
2020-09-22 21:27:08 INFO  Benchmark_Timer - Begin run: InsertionSort with 100 runs
2020-09-22 21:27:08 INFO  Benchmark_Timer - Begin run: InsertionSort with 100 runs
2020-09-22 21:30:22 INFO  Benchmark_Timer - Begin run: InsertionSort with 100 runs
2020-09-22 21:30:22 INFO  Benchmark_Timer - Begin run: InsertionSort with 100 runs
2020-09-22 21:34:47 INFO  Benchmark_Timer - Begin run: InsertionSort with 100 runs
2020-09-22 21:34:47 INFO  Benchmark_Timer - Begin run: InsertionSort with 100 runs
2020-09-22 21:34:54 INFO  Benchmark_Timer - Begin run: InsertionSort with 100 runs
2020-09-22 21:34:54 INFO  Benchmark_Timer - Begin run: InsertionSort with 100 runs
2020-09-22 21:37:04 INFO  Benchmark_Timer - Begin run: InsertionSort with 100 runs
2020-09-22 21:37:04 INFO  Benchmark_Timer - Begin run: InsertionSort with 100 runs
2020-09-22 21:37:05 INFO  Benchmark_Timer - Begin run: InsertionSort with 100 runs
2020-09-22 21:37:05 INFO  Benchmark_Timer - Begin run: InsertionSort with 100 runs
2020-09-22 21:38:43 INFO  Benchmark_Timer - Begin run: InsertionSort with 100 runs
2020-09-22 21:38:43 INFO  Benchmark_Timer - Begin run: InsertionSort with 100 runs
2020-09-22 21:38:43 INFO  Benchmark_Timer - Begin run: InsertionSort with 100 runs
2020-09-22 21:38:43 INFO  Benchmark_Timer - Begin run: InsertionSort with 100 runs
2020-09-22 21:39:14 INFO  Benchmark_Timer - Begin run: InsertionSort with 100 runs
2020-09-22 21:39:14 INFO  Benchmark_Timer - Begin run: InsertionSort with 100 runs
2020-09-22 21:39:14 INFO  Benchmark_Timer - Begin run: InsertionSort with 100 runs
2020-09-22 21:39:15 INFO  Benchmark_Timer - Begin run: InsertionSort with 100 runs
2020-09-22 21:40:41 INFO  Benchmark_Timer - Begin run: InsertionSort with 100 runs
2020-09-22 21:40:41 INFO  Benchmark_Timer - Begin run: InsertionSort with 100 runs
2020-09-22 21:40:41 INFO  Benchmark_Timer - Begin run: InsertionSort with 100 runs
2020-09-22 21:40:41 INFO  Benchmark_Timer - Begin run: InsertionSort with 100 runs
2020-09-22 21:41:35 INFO  Benchmark_Timer - Begin run: InsertionSort with 100 runs
2020-09-22 21:41:35 INFO  Benchmark_Timer - Begin run: InsertionSort with 100 runs
2020-09-22 21:41:35 INFO  Benchmark_Timer - Begin run: InsertionSort with 100 runs
2020-09-22 21:41:35 INFO  Benchmark_Timer - Begin run: InsertionSort with 100 runs
2020-09-22 21:41:44 INFO  Benchmark_Timer - Begin run: InsertionSort with 100 runs
2020-09-22 21:41:44 INFO  Benchmark_Timer - Begin run: InsertionSort with 100 runs
2020-09-22 21:41:44 INFO  Benchmark_Timer - Begin run: InsertionSort with 100 runs
2020-09-22 21:41:44 INFO  Benchmark_Timer - Begin run: InsertionSort with 100 runs
2020-09-22 21:48:48 INFO  Benchmark_Timer - Begin run: InsertionSort with 100 runs
2020-09-22 21:48:48 INFO  Benchmark_Timer - Begin run: InsertionSort with 100 runs
2020-09-22 21:48:48 INFO  Benchmark_Timer - Begin run: InsertionSort with 100 runs
2020-09-22 21:48:49 INFO  Benchmark_Timer - Begin run: InsertionSort with 100 runs
2020-09-22 21:50:38 INFO  Benchmark_Timer - Begin run: InsertionSort with 100 runs
2020-09-22 21:50:38 INFO  Benchmark_Timer - Begin run: InsertionSort with 100 runs
2020-09-22 21:50:38 INFO  Benchmark_Timer - Begin run: InsertionSort with 100 runs
2020-09-22 21:50:38 INFO  Benchmark_Timer - Begin run: InsertionSort with 100 runs
2020-09-22 21:51:50 INFO  Benchmark_Timer - Begin run: InsertionSort with 100 runs
2020-09-22 21:51:50 INFO  Benchmark_Timer - Begin run: InsertionSort with 100 runs
2020-09-22 21:51:50 INFO  Benchmark_Timer - Begin run: InsertionSort with 100 runs
2020-09-22 21:51:50 INFO  Benchmark_Timer - Begin run: InsertionSort with 100 runs
2020-09-22 21:52:10 INFO  Benchmark_Timer - Begin run: InsertionSort with 1,000 runs
2020-09-22 21:52:11 INFO  Benchmark_Timer - Begin run: InsertionSort with 1,000 runs
2020-09-22 21:52:11 INFO  Benchmark_Timer - Begin run: InsertionSort with 1,000 runs
2020-09-22 21:52:11 INFO  Benchmark_Timer - Begin run: InsertionSort with 1,000 runs
2020-09-22 21:59:52 INFO  Benchmark_Timer - Begin run: InsertionSort with 1,000 runs
2020-09-22 21:59:52 INFO  Benchmark_Timer - Begin run: InsertionSort with 1,000 runs
2020-09-22 21:59:52 INFO  Benchmark_Timer - Begin run: InsertionSort with 1,000 runs
2020-09-22 21:59:52 INFO  Benchmark_Timer - Begin run: InsertionSort with 1,000 runs
2020-09-22 21:59:58 INFO  Benchmark_Timer - Begin run: InsertionSort with 1,000 runs
2020-09-22 21:59:58 INFO  Benchmark_Timer - Begin run: InsertionSort with 1,000 runs
2020-09-22 21:59:58 INFO  Benchmark_Timer - Begin run: InsertionSort with 1,000 runs
2020-09-22 21:59:58 INFO  Benchmark_Timer - Begin run: InsertionSort with 1,000 runs
2020-09-22 22:00:02 INFO  Benchmark_Timer - Begin run: InsertionSort with 1,000 runs
2020-09-22 22:00:02 INFO  Benchmark_Timer - Begin run: InsertionSort with 1,000 runs
2020-09-22 22:00:02 INFO  Benchmark_Timer - Begin run: InsertionSort with 1,000 runs
2020-09-22 22:00:02 INFO  Benchmark_Timer - Begin run: InsertionSort with 1,000 runs
2020-09-22 22:00:08 INFO  Benchmark_Timer - Begin run: InsertionSort with 1,000 runs
2020-09-22 22:00:08 INFO  Benchmark_Timer - Begin run: InsertionSort with 1,000 runs
2020-09-22 22:00:08 INFO  Benchmark_Timer - Begin run: InsertionSort with 1,000 runs
2020-09-22 22:00:08 INFO  Benchmark_Timer - Begin run: InsertionSort with 1,000 runs
2020-09-22 22:00:22 INFO  Benchmark_Timer - Begin run: InsertionSort with 1,000 runs
2020-09-22 22:00:22 INFO  Benchmark_Timer - Begin run: InsertionSort with 1,000 runs
2020-09-22 22:00:22 INFO  Benchmark_Timer - Begin run: InsertionSort with 1,000 runs
2020-09-22 22:00:22 INFO  Benchmark_Timer - Begin run: InsertionSort with 1,000 runs
2020-09-22 22:00:25 INFO  Benchmark_Timer - Begin run: InsertionSort with 1,000 runs
2020-09-22 22:00:25 INFO  Benchmark_Timer - Begin run: InsertionSort with 1,000 runs
2020-09-22 22:00:25 INFO  Benchmark_Timer - Begin run: InsertionSort with 1,000 runs
2020-09-22 22:00:25 INFO  Benchmark_Timer - Begin run: InsertionSort with 1,000 runs
2020-09-22 22:22:47 INFO  Benchmark_Timer - Begin run: InsertionSort with 1,000 runs
2020-09-22 22:22:47 INFO  Benchmark_Timer - Begin run: InsertionSort with 1,000 runs
2020-09-22 22:22:47 INFO  Benchmark_Timer - Begin run: InsertionSort with 1,000 runs
2020-09-22 22:22:47 INFO  Benchmark_Timer - Begin run: InsertionSort with 1,000 runs
2020-09-22 22:23:26 INFO  Benchmark_Timer - Begin run: InsertionSort with 1,000 runs
2020-09-22 22:23:26 INFO  Benchmark_Timer - Begin run: InsertionSort with 1,000 runs
2020-09-22 22:23:26 INFO  Benchmark_Timer - Begin run: InsertionSort with 1,000 runs
2020-09-22 22:23:26 INFO  Benchmark_Timer - Begin run: InsertionSort with 1,000 runs
2020-09-22 23:09:48 INFO  Benchmark_Timer - Begin run: InsertionSort with 1,000 runs
2020-09-22 23:10:03 INFO  Benchmark_Timer - Begin run: InsertionSort with 1,000 runs
2020-09-22 23:10:54 INFO  Benchmark_Timer - Begin run: InsertionSort with 1,000 runs
2020-09-22 23:11:18 INFO  Benchmark_Timer - Begin run: InsertionSort with 1,000 runs
2020-09-22 23:16:14 INFO  Benchmark_Timer - Begin run: InsertionSort with 1,000 runs
2020-09-22 23:17:01 INFO  Benchmark_Timer - Begin run: InsertionSort with 1,000 runs
2020-09-22 23:18:36 INFO  Benchmark_Timer - Begin run: InsertionSort with 1,000 runs
2020-09-22 23:18:36 INFO  Benchmark_Timer - Begin run: InsertionSort with 1,000 runs
2020-09-22 23:18:36 INFO  Benchmark_Timer - Begin run: InsertionSort with 1,000 runs
2020-09-22 23:18:36 INFO  Benchmark_Timer - Begin run: InsertionSort with 1,000 runs
2020-09-22 23:18:58 INFO  Benchmark_Timer - Begin run: InsertionSort with 1,000 runs
2020-09-22 23:18:58 INFO  Benchmark_Timer - Begin run: InsertionSort with 1,000 runs
2020-09-22 23:18:58 INFO  Benchmark_Timer - Begin run: InsertionSort with 1,000 runs
2020-09-22 23:18:58 INFO  Benchmark_Timer - Begin run: InsertionSort with 1,000 runs
2020-09-23 11:53:50 INFO  Benchmark_Timer - Begin run: InsertionSort with 1,000 runs
2020-09-23 11:53:50 INFO  Benchmark_Timer - Begin run: InsertionSort with 1,000 runs
2020-09-23 11:53:50 INFO  Benchmark_Timer - Begin run: InsertionSort with 1,000 runs
2020-09-23 11:53:50 INFO  Benchmark_Timer - Begin run: InsertionSort with 1,000 runs
2020-09-23 11:54:37 INFO  Benchmark_Timer - Begin run: InsertionSort with 1,000 runs
2020-09-23 11:54:37 INFO  Benchmark_Timer - Begin run: InsertionSort with 1,000 runs
2020-09-23 11:54:37 INFO  Benchmark_Timer - Begin run: InsertionSort with 1,000 runs
2020-09-23 11:54:37 INFO  Benchmark_Timer - Begin run: InsertionSort with 1,000 runs
2020-09-23 11:55:22 INFO  Benchmark_Timer - Begin run: InsertionSort with 1,000 runs
2020-09-23 11:55:22 INFO  Benchmark_Timer - Begin run: InsertionSort with 1,000 runs
2020-09-23 11:55:22 INFO  Benchmark_Timer - Begin run: InsertionSort with 1,000 runs
2020-09-23 11:55:22 INFO  Benchmark_Timer - Begin run: InsertionSort with 1,000 runs
2020-09-24 22:30:29 INFO  Benchmark_Timer - Begin run: testWaitPeriods with 2 runs
2020-09-24 22:34:36 INFO  Benchmark_Timer - Begin run: InsertionSort with 1,000 runs
2020-09-24 22:34:36 INFO  Benchmark_Timer - Begin run: InsertionSort with 1,000 runs
2020-09-24 22:34:36 INFO  Benchmark_Timer - Begin run: InsertionSort with 1,000 runs
2020-09-24 22:34:36 INFO  Benchmark_Timer - Begin run: InsertionSort with 1,000 runs
2020-09-24 22:34:54 INFO  Benchmark_Timer - Begin run: InsertionSort with 1,000 runs
2020-09-24 22:34:54 INFO  Benchmark_Timer - Begin run: InsertionSort with 1,000 runs
2020-09-24 22:34:54 INFO  Benchmark_Timer - Begin run: InsertionSort with 1,000 runs
2020-09-24 22:34:54 INFO  Benchmark_Timer - Begin run: InsertionSort with 1,000 runs
2020-09-24 23:43:50 INFO  Benchmark_Timer - Begin run: InsertionSort with 1,000 runs
2020-09-24 23:43:50 INFO  Benchmark_Timer - Begin run: InsertionSort with 1,000 runs
2020-09-24 23:43:50 INFO  Benchmark_Timer - Begin run: InsertionSort with 1,000 runs
2020-09-24 23:44:15 INFO  Benchmark_Timer - Begin run: InsertionSort with 1,000 runs
2020-09-24 23:44:15 INFO  Benchmark_Timer - Begin run: InsertionSort with 1,000 runs
2020-09-24 23:44:16 INFO  Benchmark_Timer - Begin run: InsertionSort with 1,000 runs
2020-09-24 23:44:44 INFO  Benchmark_Timer - Begin run: InsertionSort with 1,000 runs
2020-09-24 23:44:44 INFO  Benchmark_Timer - Begin run: InsertionSort with 1,000 runs
2020-09-24 23:44:45 INFO  Benchmark_Timer - Begin run: InsertionSort with 1,000 runs
2020-09-24 23:44:45 INFO  Benchmark_Timer - Begin run: InsertionSort with 1,000 runs
2020-09-24 23:44:45 INFO  Benchmark_Timer - Begin run: InsertionSort with 1,000 runs
2020-09-24 23:44:45 INFO  Benchmark_Timer - Begin run: InsertionSort with 1,000 runs
2020-09-24 23:44:46 INFO  Benchmark_Timer - Begin run: InsertionSort with 1,000 runs
2020-09-24 23:44:47 INFO  Benchmark_Timer - Begin run: InsertionSort with 1,000 runs
2020-09-24 23:44:48 INFO  Benchmark_Timer - Begin run: InsertionSort with 1,000 runs
2020-09-24 23:44:48 INFO  Benchmark_Timer - Begin run: InsertionSort with 1,000 runs
2020-09-24 23:44:50 INFO  Benchmark_Timer - Begin run: InsertionSort with 1,000 runs
2020-09-24 23:44:55 INFO  Benchmark_Timer - Begin run: InsertionSort with 1,000 runs
2020-09-24 23:44:56 INFO  Benchmark_Timer - Begin run: InsertionSort with 1,000 runs
2020-09-24 23:44:56 INFO  Benchmark_Timer - Begin run: InsertionSort with 1,000 runs
2020-09-24 23:45:07 INFO  Benchmark_Timer - Begin run: InsertionSort with 1,000 runs
2020-09-24 23:45:27 INFO  Benchmark_Timer - Begin run: InsertionSort with 1,000 runs
2020-09-24 23:45:30 INFO  Benchmark_Timer - Begin run: InsertionSort with 1,000 runs
2020-09-24 23:45:30 INFO  Benchmark_Timer - Begin run: InsertionSort with 1,000 runs
2020-09-24 23:46:14 INFO  Benchmark_Timer - Begin run: InsertionSort with 1,000 runs
2020-09-24 23:47:35 INFO  Benchmark_Timer - Begin run: InsertionSort with 1,000 runs
2020-09-24 23:57:04 INFO  Benchmark_Timer - Begin run: InsertionSort with 1,000 runs
2020-09-24 23:57:04 INFO  Benchmark_Timer - Begin run: InsertionSort with 1,000 runs
2020-09-24 23:57:04 INFO  Benchmark_Timer - Begin run: InsertionSort with 1,000 runs
2020-09-24 23:57:04 INFO  Benchmark_Timer - Begin run: InsertionSort with 1,000 runs
2020-09-24 23:57:04 INFO  Benchmark_Timer - Begin run: InsertionSort with 1,000 runs
2020-09-24 23:57:04 INFO  Benchmark_Timer - Begin run: InsertionSort with 1,000 runs
2020-09-24 23:57:04 INFO  Benchmark_Timer - Begin run: InsertionSort with 1,000 runs
2020-09-24 23:57:05 INFO  Benchmark_Timer - Begin run: InsertionSort with 1,000 runs
2020-09-24 23:57:05 INFO  Benchmark_Timer - Begin run: InsertionSort with 1,000 runs
2020-09-24 23:57:05 INFO  Benchmark_Timer - Begin run: InsertionSort with 1,000 runs
2020-09-24 23:57:05 INFO  Benchmark_Timer - Begin run: InsertionSort with 1,000 runs
2020-09-24 23:57:06 INFO  Benchmark_Timer - Begin run: InsertionSort with 1,000 runs
2020-09-24 23:57:06 INFO  Benchmark_Timer - Begin run: InsertionSort with 1,000 runs
2020-09-24 23:57:06 INFO  Benchmark_Timer - Begin run: InsertionSort with 1,000 runs
2020-09-24 23:57:08 INFO  Benchmark_Timer - Begin run: InsertionSort with 1,000 runs
2020-09-24 23:57:12 INFO  Benchmark_Timer - Begin run: InsertionSort with 1,000 runs
2020-09-24 23:57:13 INFO  Benchmark_Timer - Begin run: InsertionSort with 1,000 runs
2020-09-24 23:57:13 INFO  Benchmark_Timer - Begin run: InsertionSort with 1,000 runs
2020-09-24 23:57:21 INFO  Benchmark_Timer - Begin run: InsertionSort with 1,000 runs
2020-09-24 23:57:37 INFO  Benchmark_Timer - Begin run: InsertionSort with 1,000 runs
2020-09-25 00:00:53 INFO  Benchmark_Timer - Begin run: InsertionSort with 1,000 runs
2020-09-25 00:00:53 INFO  Benchmark_Timer - Begin run: InsertionSort with 1,000 runs
2020-09-25 00:00:53 INFO  Benchmark_Timer - Begin run: InsertionSort with 1,000 runs
2020-09-25 00:00:53 INFO  Benchmark_Timer - Begin run: InsertionSort with 1,000 runs
2020-09-25 00:00:53 INFO  Benchmark_Timer - Begin run: InsertionSort with 1,000 runs
2020-09-25 00:00:53 INFO  Benchmark_Timer - Begin run: InsertionSort with 1,000 runs
2020-09-25 00:00:53 INFO  Benchmark_Timer - Begin run: InsertionSort with 1,000 runs
2020-09-25 00:00:53 INFO  Benchmark_Timer - Begin run: InsertionSort with 1,000 runs
2020-09-25 00:00:54 INFO  Benchmark_Timer - Begin run: InsertionSort with 1,000 runs
2020-09-25 00:00:54 INFO  Benchmark_Timer - Begin run: InsertionSort with 1,000 runs
2020-09-25 00:00:54 INFO  Benchmark_Timer - Begin run: InsertionSort with 1,000 runs
2020-09-25 00:00:55 INFO  Benchmark_Timer - Begin run: InsertionSort with 1,000 runs
2020-09-25 00:00:55 INFO  Benchmark_Timer - Begin run: InsertionSort with 1,000 runs
2020-09-25 00:00:55 INFO  Benchmark_Timer - Begin run: InsertionSort with 1,000 runs
2020-09-25 00:00:57 INFO  Benchmark_Timer - Begin run: InsertionSort with 1,000 runs
2020-09-25 00:01:01 INFO  Benchmark_Timer - Begin run: InsertionSort with 1,000 runs
2020-09-25 00:01:01 INFO  Benchmark_Timer - Begin run: InsertionSort with 1,000 runs
2020-09-25 00:01:01 INFO  Benchmark_Timer - Begin run: InsertionSort with 1,000 runs
2020-09-25 00:01:09 INFO  Benchmark_Timer - Begin run: InsertionSort with 1,000 runs
2020-09-25 00:01:24 INFO  Benchmark_Timer - Begin run: InsertionSort with 1,000 runs
2020-09-25 00:07:22 INFO  Benchmark_Timer - Begin run: InsertionSort with 1,000 runs
2020-09-25 00:07:22 INFO  Benchmark_Timer - Begin run: InsertionSort with 1,000 runs
2020-09-25 00:07:22 INFO  Benchmark_Timer - Begin run: InsertionSort with 1,000 runs
2020-09-25 00:07:22 INFO  Benchmark_Timer - Begin run: InsertionSort with 1,000 runs
2020-09-25 00:07:22 INFO  Benchmark_Timer - Begin run: InsertionSort with 1,000 runs
2020-09-25 00:07:22 INFO  Benchmark_Timer - Begin run: InsertionSort with 1,000 runs
2020-09-25 00:07:22 INFO  Benchmark_Timer - Begin run: InsertionSort with 1,000 runs
2020-09-25 00:07:23 INFO  Benchmark_Timer - Begin run: InsertionSort with 1,000 runs
2020-09-25 00:07:23 INFO  Benchmark_Timer - Begin run: InsertionSort with 1,000 runs
2020-09-25 00:07:23 INFO  Benchmark_Timer - Begin run: InsertionSort with 1,000 runs
2020-09-25 00:07:23 INFO  Benchmark_Timer - Begin run: InsertionSort with 1,000 runs
2020-09-25 00:07:24 INFO  Benchmark_Timer - Begin run: InsertionSort with 1,000 runs
2020-09-25 00:07:24 INFO  Benchmark_Timer - Begin run: InsertionSort with 1,000 runs
2020-09-25 00:07:24 INFO  Benchmark_Timer - Begin run: InsertionSort with 1,000 runs
2020-09-25 00:07:26 INFO  Benchmark_Timer - Begin run: InsertionSort with 1,000 runs
2020-09-25 00:07:30 INFO  Benchmark_Timer - Begin run: InsertionSort with 1,000 runs
2020-09-25 00:07:31 INFO  Benchmark_Timer - Begin run: InsertionSort with 1,000 runs
2020-09-25 00:07:31 INFO  Benchmark_Timer - Begin run: InsertionSort with 1,000 runs
2020-09-25 00:07:38 INFO  Benchmark_Timer - Begin run: InsertionSort with 1,000 runs
2020-09-25 00:07:53 INFO  Benchmark_Timer - Begin run: InsertionSort with 1,000 runs
2020-09-25 09:51:42 INFO  Benchmark_Timer - Begin run: InsertionSort with 1,000 runs
2020-09-25 09:51:42 INFO  Benchmark_Timer - Begin run: InsertionSort with 1,000 runs
2020-09-25 09:51:42 INFO  Benchmark_Timer - Begin run: InsertionSort with 1,000 runs
2020-09-25 09:51:43 INFO  Benchmark_Timer - Begin run: InsertionSort with 1,000 runs
2020-09-25 09:51:43 INFO  Benchmark_Timer - Begin run: InsertionSort with 1,000 runs
2020-09-25 09:51:43 INFO  Benchmark_Timer - Begin run: InsertionSort with 1,000 runs
2020-09-25 09:51:43 INFO  Benchmark_Timer - Begin run: InsertionSort with 1,000 runs
2020-09-25 09:51:44 INFO  Benchmark_Timer - Begin run: InsertionSort with 1,000 runs
2020-09-25 09:51:44 INFO  Benchmark_Timer - Begin run: InsertionSort with 1,000 runs
2020-09-25 09:51:44 INFO  Benchmark_Timer - Begin run: InsertionSort with 1,000 runs
2020-09-25 09:51:46 INFO  Benchmark_Timer - Begin run: InsertionSort with 1,000 runs
2020-09-25 09:51:49 INFO  Benchmark_Timer - Begin run: InsertionSort with 1,000 runs
2020-09-25 09:51:50 INFO  Benchmark_Timer - Begin run: InsertionSort with 1,000 runs
2020-09-25 09:51:50 INFO  Benchmark_Timer - Begin run: InsertionSort with 1,000 runs
2020-09-25 09:51:57 INFO  Benchmark_Timer - Begin run: InsertionSort with 1,000 runs
2020-09-25 09:52:09 INFO  Benchmark_Timer - Begin run: InsertionSort with 1,000 runs
2020-09-25 09:52:11 INFO  Benchmark_Timer - Begin run: InsertionSort with 1,000 runs
2020-09-25 09:52:11 INFO  Benchmark_Timer - Begin run: InsertionSort with 1,000 runs
2020-09-25 09:52:38 INFO  Benchmark_Timer - Begin run: InsertionSort with 1,000 runs
2020-09-25 09:53:29 INFO  Benchmark_Timer - Begin run: InsertionSort with 1,000 runs
2020-09-25 09:56:07 INFO  Benchmark_Timer - Begin run: InsertionSort with 1,000 runs
2020-09-25 09:56:07 INFO  Benchmark_Timer - Begin run: InsertionSort with 1,000 runs
2020-09-25 09:56:08 INFO  Benchmark_Timer - Begin run: InsertionSort with 1,000 runs
2020-09-25 09:56:08 INFO  Benchmark_Timer - Begin run: InsertionSort with 1,000 runs
2020-09-25 09:56:08 INFO  Benchmark_Timer - Begin run: InsertionSort with 1,000 runs
2020-09-25 09:56:09 INFO  Benchmark_Timer - Begin run: InsertionSort with 1,000 runs
2020-09-25 09:56:10 INFO  Benchmark_Timer - Begin run: InsertionSort with 1,000 runs
2020-09-25 09:56:11 INFO  Benchmark_Timer - Begin run: InsertionSort with 1,000 runs
2020-09-25 09:56:11 INFO  Benchmark_Timer - Begin run: InsertionSort with 1,000 runs
2020-09-25 09:56:11 INFO  Benchmark_Timer - Begin run: InsertionSort with 1,000 runs
2020-09-25 09:56:14 INFO  Benchmark_Timer - Begin run: InsertionSort with 1,000 runs
2020-09-25 09:56:19 INFO  Benchmark_Timer - Begin run: InsertionSort with 1,000 runs
2020-09-25 09:56:19 INFO  Benchmark_Timer - Begin run: InsertionSort with 1,000 runs
2020-09-25 09:56:19 INFO  Benchmark_Timer - Begin run: InsertionSort with 1,000 runs
2020-09-25 09:56:30 INFO  Benchmark_Timer - Begin run: InsertionSort with 1,000 runs
2020-09-25 09:56:50 INFO  Benchmark_Timer - Begin run: InsertionSort with 1,000 runs
2020-09-25 09:56:52 INFO  Benchmark_Timer - Begin run: InsertionSort with 1,000 runs
2020-09-25 09:56:53 INFO  Benchmark_Timer - Begin run: InsertionSort with 1,000 runs
2020-09-25 09:57:36 INFO  Benchmark_Timer - Begin run: InsertionSort with 1,000 runs
2020-09-25 09:58:56 INFO  Benchmark_Timer - Begin run: InsertionSort with 1,000 runs
2020-09-25 10:34:37 INFO  Benchmark_Timer - Begin run: testWaitPeriods with 2 runs
2020-09-25 10:34:46 INFO  Benchmark_Timer - Begin run: testWaitPeriods with 2 runs
2020-09-25 10:36:55 DEBUG Config - Config.get(helper, instrument) = true
2020-09-25 10:36:55 DEBUG Config - Config.get(helper, seed) = 0
2020-09-25 10:36:55 DEBUG Config - Config.get(instrumenting, copies) = true
2020-09-25 10:36:55 DEBUG Config - Config.get(instrumenting, swaps) = true
2020-09-25 10:36:55 DEBUG Config - Config.get(instrumenting, compares) = true
2020-09-25 10:36:55 DEBUG Config - Config.get(instrumenting, inversions) = 1
2020-09-25 10:36:55 DEBUG Config - Config.get(instrumenting, fixes) = true
2020-09-25 10:36:55 DEBUG Config - Config.get(helper, cutoff) = 
