2020-10-11 23:23:16 INFO  Benchmark_Timer - Begin run: Weighted Quick Union by depth(without path compression) with 100 runs
2020-10-11 23:23:16 INFO  Benchmark_Timer - Begin run: Weighted Quick Union with Path Compression with 100 runs
2020-10-11 23:23:16 INFO  Benchmark_Timer - Begin run: Weighted Quick Union by depth(without path compression) with 100 runs
2020-10-11 23:23:16 INFO  Benchmark_Timer - Begin run: Weighted Quick Union with Path Compression with 100 runs
2020-10-11 23:23:16 INFO  Benchmark_Timer - Begin run: Weighted Quick Union by depth(without path compression) with 100 runs
2020-10-11 23:23:16 INFO  Benchmark_Timer - Begin run: Weighted Quick Union with Path Compression with 100 runs
2020-10-11 23:23:16 INFO  Benchmark_Timer - Begin run: Weighted Quick Union by depth(without path compression) with 100 runs
2020-10-11 23:23:16 INFO  Benchmark_Timer - Begin run: Weighted Quick Union with Path Compression with 100 runs
2020-10-11 23:23:16 INFO  Benchmark_Timer - Begin run: Weighted Quick Union by depth(without path compression) with 100 runs
2020-10-11 23:23:16 INFO  Benchmark_Timer - Begin run: Weighted Quick Union with Path Compression with 100 runs
2020-10-11 23:23:16 INFO  Benchmark_Timer - Begin run: Weighted Quick Union by depth(without path compression) with 100 runs
2020-10-11 23:23:16 INFO  Benchmark_Timer - Begin run: Weighted Quick Union with Path Compression with 100 runs
2020-10-11 23:23:16 INFO  Benchmark_Timer - Begin run: Weighted Quick Union by depth(without path compression) with 100 runs
2020-10-11 23:23:16 INFO  Benchmark_Timer - Begin run: Weighted Quick Union with Path Compression with 100 runs
2020-10-11 23:24:26 INFO  Benchmark_Timer - Begin run: Weighted Quick Union by depth(without path compression) with 100 runs
2020-10-11 23:24:26 INFO  Benchmark_Timer - Begin run: Weighted Quick Union with Path Compression with 100 runs
2020-10-11 23:24:26 INFO  Benchmark_Timer - Begin run: Weighted Quick Union by depth(without path compression) with 100 runs
2020-10-11 23:24:26 INFO  Benchmark_Timer - Begin run: Weighted Quick Union with Path Compression with 100 runs
2020-10-11 23:24:26 INFO  Benchmark_Timer - Begin run: Weighted Quick Union by depth(without path compression) with 100 runs
2020-10-11 23:24:26 INFO  Benchmark_Timer - Begin run: Weighted Quick Union with Path Compression with 100 runs
2020-10-11 23:24:26 INFO  Benchmark_Timer - Begin run: Weighted Quick Union by depth(without path compression) with 100 runs
2020-10-11 23:24:27 INFO  Benchmark_Timer - Begin run: Weighted Quick Union with Path Compression with 100 runs
2020-10-11 23:24:27 INFO  Benchmark_Timer - Begin run: Weighted Quick Union by depth(without path compression) with 100 runs
2020-10-11 23:24:27 INFO  Benchmark_Timer - Begin run: Weighted Quick Union with Path Compression with 100 runs
2020-10-11 23:24:27 INFO  Benchmark_Timer - Begin run: Weighted Quick Union by depth(without path compression) with 100 runs
2020-10-11 23:24:28 INFO  Benchmark_Timer - Begin run: Weighted Quick Union with Path Compression with 100 runs
2020-10-11 23:24:29 INFO  Benchmark_Timer - Begin run: Weighted Quick Union by depth(without path compression) with 100 runs
2020-10-11 23:24:31 INFO  Benchmark_Timer - Begin run: Weighted Quick Union with Path Compression with 100 runs
2020-10-12 00:12:14 INFO  Benchmark_Timer - Begin run: Weighted Quick Union by depth(without path compression) with 100 runs
2020-10-12 00:12:14 INFO  Benchmark_Timer - Begin run: Weighted Quick Union with Path Compression with 100 runs
2020-10-12 00:12:14 INFO  Benchmark_Timer - Begin run: Weighted Quick Union with Path Compression with 100 runs
2020-10-12 00:12:14 INFO  Benchmark_Timer - Begin run: Weighted Quick Union by depth(without path compression) with 100 runs
2020-10-12 00:12:14 INFO  Benchmark_Timer - Begin run: Weighted Quick Union with Path Compression with 100 runs
2020-10-12 00:12:14 INFO  Benchmark_Timer - Begin run: Weighted Quick Union with Path Compression with 100 runs
2020-10-12 00:12:14 INFO  Benchmark_Timer - Begin run: Weighted Quick Union by depth(without path compression) with 100 runs
2020-10-12 00:12:15 INFO  Benchmark_Timer - Begin run: Weighted Quick Union with Path Compression with 100 runs
2020-10-12 00:12:15 INFO  Benchmark_Timer - Begin run: Weighted Quick Union with Path Compression with 100 runs
2020-10-12 00:12:15 INFO  Benchmark_Timer - Begin run: Weighted Quick Union by depth(without path compression) with 100 runs
2020-10-12 00:12:15 INFO  Benchmark_Timer - Begin run: Weighted Quick Union with Path Compression with 100 runs
2020-10-12 00:12:15 INFO  Benchmark_Timer - Begin run: Weighted Quick Union with Path Compression with 100 runs
2020-10-12 00:12:15 INFO  Benchmark_Timer - Begin run: Weighted Quick Union by depth(without path compression) with 100 runs
2020-10-12 00:12:15 INFO  Benchmark_Timer - Begin run: Weighted Quick Union with Path Compression with 100 runs
2020-10-12 00:12:16 INFO  Benchmark_Timer - Begin run: Weighted Quick Union with Path Compression with 100 runs
2020-10-12 00:12:16 INFO  Benchmark_Timer - Begin run: Weighted Quick Union by depth(without path compression) with 100 runs
2020-10-12 00:12:17 INFO  Benchmark_Timer - Begin run: Weighted Quick Union with Path Compression with 100 runs
2020-10-12 00:12:17 INFO  Benchmark_Timer - Begin run: Weighted Quick Union with Path Compression with 100 runs
2020-10-12 00:12:18 INFO  Benchmark_Timer - Begin run: Weighted Quick Union by depth(without path compression) with 100 runs
2020-10-12 00:12:20 INFO  Benchmark_Timer - Begin run: Weighted Quick Union with Path Compression with 100 runs
2020-10-12 00:12:21 INFO  Benchmark_Timer - Begin run: Weighted Quick Union with Path Compression with 100 runs
2020-10-12 00:18:58 INFO  Benchmark_Timer - Begin run: Weighted Quick Union by depth(without path compression) with 100 runs
2020-10-12 00:18:58 INFO  Benchmark_Timer - Begin run: Weighted Quick Union with Path Compression with 100 runs
2020-10-12 00:18:58 INFO  Benchmark_Timer - Begin run: Weighted Quick Union with Path Compression with 100 runs
2020-10-12 00:18:59 INFO  Benchmark_Timer - Begin run: Weighted Quick Union by depth(without path compression) with 100 runs
2020-10-12 00:18:59 INFO  Benchmark_Timer - Begin run: Weighted Quick Union with Path Compression with 100 runs
2020-10-12 00:18:59 INFO  Benchmark_Timer - Begin run: Weighted Quick Union with Path Compression with 100 runs
2020-10-12 00:18:59 INFO  Benchmark_Timer - Begin run: Weighted Quick Union by depth(without path compression) with 100 runs
2020-10-12 00:18:59 INFO  Benchmark_Timer - Begin run: Weighted Quick Union with Path Compression with 100 runs
2020-10-12 00:18:59 INFO  Benchmark_Timer - Begin run: Weighted Quick Union with Path Compression with 100 runs
2020-10-12 00:18:59 INFO  Benchmark_Timer - Begin run: Weighted Quick Union by depth(without path compression) with 100 runs
2020-10-12 00:18:59 INFO  Benchmark_Timer - Begin run: Weighted Quick Union with Path Compression with 100 runs
2020-10-12 00:18:59 INFO  Benchmark_Timer - Begin run: Weighted Quick Union with Path Compression with 100 runs
2020-10-12 00:18:59 INFO  Benchmark_Timer - Begin run: Weighted Quick Union by depth(without path compression) with 100 runs
2020-10-12 00:19:00 INFO  Benchmark_Timer - Begin run: Weighted Quick Union with Path Compression with 100 runs
2020-10-12 00:19:00 INFO  Benchmark_Timer - Begin run: Weighted Quick Union with Path Compression with 100 runs
2020-10-12 00:19:00 INFO  Benchmark_Timer - Begin run: Weighted Quick Union by depth(without path compression) with 100 runs
2020-10-12 00:19:01 INFO  Benchmark_Timer - Begin run: Weighted Quick Union with Path Compression with 100 runs
2020-10-12 00:19:02 INFO  Benchmark_Timer - Begin run: Weighted Quick Union with Path Compression with 100 runs
2020-10-12 00:19:02 INFO  Benchmark_Timer - Begin run: Weighted Quick Union by depth(without path compression) with 100 runs
2020-10-12 00:19:04 INFO  Benchmark_Timer - Begin run: Weighted Quick Union with Path Compression with 100 runs
2020-10-12 00:19:05 INFO  Benchmark_Timer - Begin run: Weighted Quick Union with Path Compression with 100 runs
2020-10-12 00:27:39 INFO  Benchmark_Timer - Begin run: Weighted Quick Union by depth(without path compression) with 10 runs
2020-10-12 00:27:39 INFO  Benchmark_Timer - Begin run: Weighted Quick Union with Path Compression with 10 runs
2020-10-12 00:27:39 INFO  Benchmark_Timer - Begin run: Weighted Quick Union with Path Compression with 10 runs
2020-10-12 00:27:39 INFO  Benchmark_Timer - Begin run: Weighted Quick Union by depth(without path compression) with 10 runs
2020-10-12 00:27:39 INFO  Benchmark_Timer - Begin run: Weighted Quick Union with Path Compression with 10 runs
2020-10-12 00:27:39 INFO  Benchmark_Timer - Begin run: Weighted Quick Union with Path Compression with 10 runs
2020-10-12 00:27:39 INFO  Benchmark_Timer - Begin run: Weighted Quick Union by depth(without path compression) with 10 runs
2020-10-12 00:27:39 INFO  Benchmark_Timer - Begin run: Weighted Quick Union with Path Compression with 10 runs
2020-10-12 00:27:39 INFO  Benchmark_Timer - Begin run: Weighted Quick Union with Path Compression with 10 runs
2020-10-12 00:27:39 INFO  Benchmark_Timer - Begin run: Weighted Quick Union by depth(without path compression) with 10 runs
2020-10-12 00:27:39 INFO  Benchmark_Timer - Begin run: Weighted Quick Union with Path Compression with 10 runs
2020-10-12 00:27:39 INFO  Benchmark_Timer - Begin run: Weighted Quick Union with Path Compression with 10 runs
2020-10-12 00:27:39 INFO  Benchmark_Timer - Begin run: Weighted Quick Union by depth(without path compression) with 10 runs
2020-10-12 00:27:39 INFO  Benchmark_Timer - Begin run: Weighted Quick Union with Path Compression with 10 runs
2020-10-12 00:27:39 INFO  Benchmark_Timer - Begin run: Weighted Quick Union with Path Compression with 10 runs
2020-10-12 00:27:40 INFO  Benchmark_Timer - Begin run: Weighted Quick Union by depth(without path compression) with 10 runs
2020-10-12 00:27:40 INFO  Benchmark_Timer - Begin run: Weighted Quick Union with Path Compression with 10 runs
2020-10-12 00:27:40 INFO  Benchmark_Timer - Begin run: Weighted Quick Union with Path Compression with 10 runs
2020-10-12 00:27:40 INFO  Benchmark_Timer - Begin run: Weighted Quick Union by depth(without path compression) with 10 runs
2020-10-12 00:27:40 INFO  Benchmark_Timer - Begin run: Weighted Quick Union with Path Compression with 10 runs
2020-10-12 00:27:40 INFO  Benchmark_Timer - Begin run: Weighted Quick Union with Path Compression with 10 runs
2020-10-12 00:28:34 INFO  Benchmark_Timer - Begin run: Weighted Quick Union by depth(without path compression) with 5 runs
2020-10-12 00:28:34 INFO  Benchmark_Timer - Begin run: Weighted Quick Union with Path Compression with 5 runs
2020-10-12 00:28:34 INFO  Benchmark_Timer - Begin run: Weighted Quick Union with Path Compression with 5 runs
2020-10-12 00:28:34 INFO  Benchmark_Timer - Begin run: Weighted Quick Union by depth(without path compression) with 5 runs
2020-10-12 00:28:34 INFO  Benchmark_Timer - Begin run: Weighted Quick Union with Path Compression with 5 runs
2020-10-12 00:28:34 INFO  Benchmark_Timer - Begin run: Weighted Quick Union with Path Compression with 5 runs
2020-10-12 00:28:34 INFO  Benchmark_Timer - Begin run: Weighted Quick Union by depth(without path compression) with 5 runs
2020-10-12 00:28:34 INFO  Benchmark_Timer - Begin run: Weighted Quick Union with Path Compression with 5 runs
2020-10-12 00:28:34 INFO  Benchmark_Timer - Begin run: Weighted Quick Union with Path Compression with 5 runs
2020-10-12 00:28:34 INFO  Benchmark_Timer - Begin run: Weighted Quick Union by depth(without path compression) with 5 runs
2020-10-12 00:28:34 INFO  Benchmark_Timer - Begin run: Weighted Quick Union with Path Compression with 5 runs
2020-10-12 00:28:34 INFO  Benchmark_Timer - Begin run: Weighted Quick Union with Path Compression with 5 runs
2020-10-12 00:28:34 INFO  Benchmark_Timer - Begin run: Weighted Quick Union by depth(without path compression) with 5 runs
2020-10-12 00:28:34 INFO  Benchmark_Timer - Begin run: Weighted Quick Union with Path Compression with 5 runs
2020-10-12 00:28:34 INFO  Benchmark_Timer - Begin run: Weighted Quick Union with Path Compression with 5 runs
2020-10-12 00:28:34 INFO  Benchmark_Timer - Begin run: Weighted Quick Union by depth(without path compression) with 5 runs
2020-10-12 00:28:34 INFO  Benchmark_Timer - Begin run: Weighted Quick Union with Path Compression with 5 runs
2020-10-12 00:28:34 INFO  Benchmark_Timer - Begin run: Weighted Quick Union with Path Compression with 5 runs
2020-10-12 00:28:34 INFO  Benchmark_Timer - Begin run: Weighted Quick Union by depth(without path compression) with 5 runs
2020-10-12 00:28:34 INFO  Benchmark_Timer - Begin run: Weighted Quick Union with Path Compression with 5 runs
2020-10-12 00:28:35 INFO  Benchmark_Timer - Begin run: Weighted Quick Union with Path Compression with 5 runs
2020-10-12 00:30:44 INFO  Benchmark_Timer - Begin run: Weighted Quick Union by depth(without path compression) with 5 runs
2020-10-12 00:30:44 INFO  Benchmark_Timer - Begin run: Weighted Quick Union with Path Compression with 5 runs
2020-10-12 00:30:44 INFO  Benchmark_Timer - Begin run: Weighted Quick Union with Path Compression with 5 runs
2020-10-12 00:30:44 INFO  Benchmark_Timer - Begin run: Weighted Quick Union by depth(without path compression) with 5 runs
2020-10-12 00:30:44 INFO  Benchmark_Timer - Begin run: Weighted Quick Union with Path Compression with 5 runs
2020-10-12 00:30:44 INFO  Benchmark_Timer - Begin run: Weighted Quick Union with Path Compression with 5 runs
2020-10-12 00:30:44 INFO  Benchmark_Timer - Begin run: Weighted Quick Union by depth(without path compression) with 5 runs
2020-10-12 00:30:44 INFO  Benchmark_Timer - Begin run: Weighted Quick Union with Path Compression with 5 runs
2020-10-12 00:30:44 INFO  Benchmark_Timer - Begin run: Weighted Quick Union with Path Compression with 5 runs
2020-10-12 00:30:44 INFO  Benchmark_Timer - Begin run: Weighted Quick Union by depth(without path compression) with 5 runs
2020-10-12 00:30:44 INFO  Benchmark_Timer - Begin run: Weighted Quick Union with Path Compression with 5 runs
2020-10-12 00:30:44 INFO  Benchmark_Timer - Begin run: Weighted Quick Union with Path Compression with 5 runs
2020-10-12 00:30:44 INFO  Benchmark_Timer - Begin run: Weighted Quick Union by depth(without path compression) with 5 runs
2020-10-12 00:30:44 INFO  Benchmark_Timer - Begin run: Weighted Quick Union with Path Compression with 5 runs
2020-10-12 00:30:44 INFO  Benchmark_Timer - Begin run: Weighted Quick Union with Path Compression with 5 runs
2020-10-12 00:30:44 INFO  Benchmark_Timer - Begin run: Weighted Quick Union by depth(without path compression) with 5 runs
2020-10-12 00:30:44 INFO  Benchmark_Timer - Begin run: Weighted Quick Union with Path Compression with 5 runs
2020-10-12 00:30:44 INFO  Benchmark_Timer - Begin run: Weighted Quick Union with Path Compression with 5 runs
2020-10-12 00:30:44 INFO  Benchmark_Timer - Begin run: Weighted Quick Union by depth(without path compression) with 5 runs
2020-10-12 00:30:45 INFO  Benchmark_Timer - Begin run: Weighted Quick Union with Path Compression with 5 runs
2020-10-12 00:30:45 INFO  Benchmark_Timer - Begin run: Weighted Quick Union with Path Compression with 5 runs
2020-10-12 09:52:25 INFO  Benchmark_Timer - Begin run: Weighted Quick Union by depth(without path compression) with 5 runs
2020-10-12 09:52:25 INFO  Benchmark_Timer - Begin run: Weighted Quick Union with Path Compression with 5 runs
2020-10-12 09:52:25 INFO  Benchmark_Timer - Begin run: Weighted Quick Union with Path Compression with 5 runs
2020-10-12 09:52:25 INFO  Benchmark_Timer - Begin run: Weighted Quick Union by depth(without path compression) with 5 runs
2020-10-12 09:52:25 INFO  Benchmark_Timer - Begin run: Weighted Quick Union with Path Compression with 5 runs
2020-10-12 09:52:25 INFO  Benchmark_Timer - Begin run: Weighted Quick Union with Path Compression with 5 runs
2020-10-12 09:52:25 INFO  Benchmark_Timer - Begin run: Weighted Quick Union by depth(without path compression) with 5 runs
2020-10-12 09:52:25 INFO  Benchmark_Timer - Begin run: Weighted Quick Union with Path Compression with 5 runs
2020-10-12 09:52:25 INFO  Benchmark_Timer - Begin run: Weighted Quick Union with Path Compression with 5 runs
2020-10-12 09:52:25 INFO  Benchmark_Timer - Begin run: Weighted Quick Union by depth(without path compression) with 5 runs
2020-10-12 09:52:25 INFO  Benchmark_Timer - Begin run: Weighted Quick Union with Path Compression with 5 runs
2020-10-12 09:52:25 INFO  Benchmark_Timer - Begin run: Weighted Quick Union with Path Compression with 5 runs
2020-10-12 09:52:25 INFO  Benchmark_Timer - Begin run: Weighted Quick Union by depth(without path compression) with 5 runs
2020-10-12 09:52:25 INFO  Benchmark_Timer - Begin run: Weighted Quick Union with Path Compression with 5 runs
2020-10-12 09:52:25 INFO  Benchmark_Timer - Begin run: Weighted Quick Union with Path Compression with 5 runs
2020-10-12 09:52:26 INFO  Benchmark_Timer - Begin run: Weighted Quick Union by depth(without path compression) with 5 runs
2020-10-12 09:52:26 INFO  Benchmark_Timer - Begin run: Weighted Quick Union with Path Compression with 5 runs
2020-10-12 09:52:26 INFO  Benchmark_Timer - Begin run: Weighted Quick Union with Path Compression with 5 runs
2020-10-12 09:52:26 INFO  Benchmark_Timer - Begin run: Weighted Quick Union by depth(without path compression) with 5 runs
2020-10-12 09:52:26 INFO  Benchmark_Timer - Begin run: Weighted Quick Union with Path Compression with 5 runs
2020-10-12 09:52:26 INFO  Benchmark_Timer - Begin run: Weighted Quick Union with Path Compression with 5 runs
2020-10-12 09:53:17 INFO  Benchmark_Timer - Begin run: Weighted Quick Union by depth(without path compression) with 5 runs
2020-10-12 09:53:17 INFO  Benchmark_Timer - Begin run: Weighted Quick Union with Path Compression with 5 runs
2020-10-12 09:53:17 INFO  Benchmark_Timer - Begin run: Weighted Quick Union with Path Compression with 5 runs
2020-10-12 09:53:17 INFO  Benchmark_Timer - Begin run: Weighted Quick Union by depth(without path compression) with 5 runs
2020-10-12 09:53:17 INFO  Benchmark_Timer - Begin run: Weighted Quick Union with Path Compression with 5 runs
2020-10-12 09:53:17 INFO  Benchmark_Timer - Begin run: Weighted Quick Union with Path Compression with 5 runs
2020-10-12 09:53:17 INFO  Benchmark_Timer - Begin run: Weighted Quick Union by depth(without path compression) with 5 runs
2020-10-12 09:53:17 INFO  Benchmark_Timer - Begin run: Weighted Quick Union with Path Compression with 5 runs
2020-10-12 09:53:17 INFO  Benchmark_Timer - Begin run: Weighted Quick Union with Path Compression with 5 runs
2020-10-12 09:53:17 INFO  Benchmark_Timer - Begin run: Weighted Quick Union by depth(without path compression) with 5 runs
2020-10-12 09:53:17 INFO  Benchmark_Timer - Begin run: Weighted Quick Union with Path Compression with 5 runs
2020-10-12 09:53:17 INFO  Benchmark_Timer - Begin run: Weighted Quick Union with Path Compression with 5 runs
2020-10-12 09:53:17 INFO  Benchmark_Timer - Begin run: Weighted Quick Union by depth(without path compression) with 5 runs
2020-10-12 09:53:17 INFO  Benchmark_Timer - Begin run: Weighted Quick Union with Path Compression with 5 runs
2020-10-12 09:53:17 INFO  Benchmark_Timer - Begin run: Weighted Quick Union with Path Compression with 5 runs
2020-10-12 09:53:17 INFO  Benchmark_Timer - Begin run: Weighted Quick Union by depth(without path compression) with 5 runs
2020-10-12 09:53:17 INFO  Benchmark_Timer - Begin run: Weighted Quick Union with Path Compression with 5 runs
2020-10-12 09:53:17 INFO  Benchmark_Timer - Begin run: Weighted Quick Union with Path Compression with 5 runs
2020-10-12 09:53:17 INFO  Benchmark_Timer - Begin run: Weighted Quick Union by depth(without path compression) with 5 runs
2020-10-12 09:53:18 INFO  Benchmark_Timer - Begin run: Weighted Quick Union with Path Compression with 5 runs
2020-10-12 09:53:18 INFO  Benchmark_Timer - Begin run: Weighted Quick Union with Path Compression with 5 runs
2020-10-12 10:00:03 INFO  Benchmark_Timer - Begin run: Weighted Quick Union by depth(without path compression) with 5 runs
2020-10-12 10:00:03 INFO  Benchmark_Timer - Begin run: Weighted Quick Union with Path Compression with 5 runs
2020-10-12 10:00:04 INFO  Benchmark_Timer - Begin run: Weighted Quick Union with Path Compression with 5 runs
2020-10-12 10:00:04 INFO  Benchmark_Timer - Begin run: Weighted Quick Union by depth(without path compression) with 5 runs
2020-10-12 10:00:04 INFO  Benchmark_Timer - Begin run: Weighted Quick Union with Path Compression with 5 runs
2020-10-12 10:00:04 INFO  Benchmark_Timer - Begin run: Weighted Quick Union with Path Compression with 5 runs
2020-10-12 10:00:04 INFO  Benchmark_Timer - Begin run: Weighted Quick Union by depth(without path compression) with 5 runs
2020-10-12 10:00:04 INFO  Benchmark_Timer - Begin run: Weighted Quick Union with Path Compression with 5 runs
2020-10-12 10:00:04 INFO  Benchmark_Timer - Begin run: Weighted Quick Union with Path Compression with 5 runs
2020-10-12 10:00:04 INFO  Benchmark_Timer - Begin run: Weighted Quick Union by depth(without path compression) with 5 runs
2020-10-12 10:00:04 INFO  Benchmark_Timer - Begin run: Weighted Quick Union with Path Compression with 5 runs
2020-10-12 10:00:04 INFO  Benchmark_Timer - Begin run: Weighted Quick Union with Path Compression with 5 runs
2020-10-12 10:00:04 INFO  Benchmark_Timer - Begin run: Weighted Quick Union by depth(without path compression) with 5 runs
2020-10-12 10:00:04 INFO  Benchmark_Timer - Begin run: Weighted Quick Union with Path Compression with 5 runs
2020-10-12 10:00:04 INFO  Benchmark_Timer - Begin run: Weighted Quick Union with Path Compression with 5 runs
2020-10-12 10:00:04 INFO  Benchmark_Timer - Begin run: Weighted Quick Union by depth(without path compression) with 5 runs
2020-10-12 10:00:04 INFO  Benchmark_Timer - Begin run: Weighted Quick Union with Path Compression with 5 runs
2020-10-12 10:00:04 INFO  Benchmark_Timer - Begin run: Weighted Quick Union with Path Compression with 5 runs
2020-10-12 10:00:04 INFO  Benchmark_Timer - Begin run: Weighted Quick Union by depth(without path compression) with 5 runs
2020-10-12 10:00:04 INFO  Benchmark_Timer - Begin run: Weighted Quick Union with Path Compression with 5 runs
2020-10-12 10:00:04 INFO  Benchmark_Timer - Begin run: Weighted Quick Union with Path Compression with 5 runs
2020-10-12 10:17:55 INFO  Benchmark_Timer - Begin run: Weighted Quick Union by depth(without path compression) with 5 runs
2020-10-12 10:17:55 INFO  Benchmark_Timer - Begin run: Weighted Quick Union with Path Compression with 5 runs
2020-10-12 10:17:55 INFO  Benchmark_Timer - Begin run: Weighted Quick Union with Path Compression with 5 runs
2020-10-12 10:17:55 INFO  Benchmark_Timer - Begin run: Weighted Quick Union by depth(without path compression) with 5 runs
2020-10-12 10:17:55 INFO  Benchmark_Timer - Begin run: Weighted Quick Union with Path Compression with 5 runs
2020-10-12 10:17:55 INFO  Benchmark_Timer - Begin run: Weighted Quick Union with Path Compression with 5 runs
2020-10-12 10:17:55 INFO  Benchmark_Timer - Begin run: Weighted Quick Union by depth(without path compression) with 5 runs
2020-10-12 10:17:55 INFO  Benchmark_Timer - Begin run: Weighted Quick Union with Path Compression with 5 runs
2020-10-12 10:17:55 INFO  Benchmark_Timer - Begin run: Weighted Quick Union with Path Compression with 5 runs
2020-10-12 10:17:55 INFO  Benchmark_Timer - Begin run: Weighted Quick Union by depth(without path compression) with 5 runs
2020-10-12 10:17:55 INFO  Benchmark_Timer - Begin run: Weighted Quick Union with Path Compression with 5 runs
2020-10-12 10:17:55 INFO  Benchmark_Timer - Begin run: Weighted Quick Union with Path Compression with 5 runs
2020-10-12 10:17:56 INFO  Benchmark_Timer - Begin run: Weighted Quick Union by depth(without path compression) with 5 runs
2020-10-12 10:17:56 INFO  Benchmark_Timer - Begin run: Weighted Quick Union with Path Compression with 5 runs
2020-10-12 10:17:56 INFO  Benchmark_Timer - Begin run: Weighted Quick Union with Path Compression with 5 runs
2020-10-12 10:17:56 INFO  Benchmark_Timer - Begin run: Weighted Quick Union by depth(without path compression) with 5 runs
2020-10-12 10:17:56 INFO  Benchmark_Timer - Begin run: Weighted Quick Union with Path Compression with 5 runs
2020-10-12 10:17:56 INFO  Benchmark_Timer - Begin run: Weighted Quick Union with Path Compression with 5 runs
2020-10-12 10:17:56 INFO  Benchmark_Timer - Begin run: Weighted Quick Union by depth(without path compression) with 5 runs
2020-10-12 10:17:56 INFO  Benchmark_Timer - Begin run: Weighted Quick Union with Path Compression with 5 runs
2020-10-12 10:17:56 INFO  Benchmark_Timer - Begin run: Weighted Quick Union with Path Compression with 5 runs
2020-10-12 10:35:02 INFO  Benchmark_Timer - Begin run: Weighted Quick Union by depth(without path compression) with 5 runs
2020-10-12 10:35:02 INFO  Benchmark_Timer - Begin run: Weighted Quick Union with Path Compression with 5 runs
2020-10-12 10:35:02 INFO  Benchmark_Timer - Begin run: Weighted Quick Union with Path Compression with 5 runs
2020-10-12 10:38:39 INFO  Benchmark_Timer - Begin run: Weighted Quick Union by depth(without path compression) with 5 runs
2020-10-12 10:38:39 INFO  Benchmark_Timer - Begin run: Weighted Quick Union with Path Compression with 5 runs
2020-10-12 10:38:39 INFO  Benchmark_Timer - Begin run: Weighted Quick Union with Path Compression with 5 runs
2020-10-12 10:38:49 INFO  Benchmark_Timer - Begin run: Weighted Quick Union by depth(without path compression) with 5 runs
2020-10-12 10:38:49 INFO  Benchmark_Timer - Begin run: Weighted Quick Union with Path Compression with 5 runs
2020-10-12 10:38:49 INFO  Benchmark_Timer - Begin run: Weighted Quick Union with Path Compression with 5 runs
2020-10-12 10:42:36 INFO  Benchmark_Timer - Begin run: Weighted Quick Union by depth(without path compression) with 5 runs
2020-10-12 10:42:36 INFO  Benchmark_Timer - Begin run: Weighted Quick Union with Path Compression（One Path with 5 runs
2020-10-12 10:42:36 INFO  Benchmark_Timer - Begin run: Weighted Quick Union with Path Compression (Two Path) with 5 runs
2020-10-12 11:00:19 INFO  Benchmark_Timer - Begin run: Weighted Quick Union by depth(without path compression) with 5 runs
2020-10-12 11:00:19 INFO  Benchmark_Timer - Begin run: Weighted Quick Union with Path Compression（One Path with 5 runs
2020-10-12 11:00:19 INFO  Benchmark_Timer - Begin run: Weighted Quick Union with Path Compression (Two Path) with 5 runs
2020-10-12 11:00:19 INFO  Benchmark_Timer - Begin run: Weighted Quick Union by depth(without path compression) with 5 runs
2020-10-12 11:00:19 INFO  Benchmark_Timer - Begin run: Weighted Quick Union with Path Compression（One Path with 5 runs
2020-10-12 11:00:19 INFO  Benchmark_Timer - Begin run: Weighted Quick Union with Path Compression (Two Path) with 5 runs
2020-10-12 11:00:19 INFO  Benchmark_Timer - Begin run: Weighted Quick Union by depth(without path compression) with 5 runs
2020-10-12 11:00:19 INFO  Benchmark_Timer - Begin run: Weighted Quick Union with Path Compression（One Path with 5 runs
2020-10-12 11:00:19 INFO  Benchmark_Timer - Begin run: Weighted Quick Union with Path Compression (Two Path) with 5 runs
2020-10-12 11:00:19 INFO  Benchmark_Timer - Begin run: Weighted Quick Union by depth(without path compression) with 5 runs
2020-10-12 11:00:19 INFO  Benchmark_Timer - Begin run: Weighted Quick Union with Path Compression（One Path with 5 runs
2020-10-12 11:00:19 INFO  Benchmark_Timer - Begin run: Weighted Quick Union with Path Compression (Two Path) with 5 runs
2020-10-12 11:00:19 INFO  Benchmark_Timer - Begin run: Weighted Quick Union by depth(without path compression) with 5 runs
2020-10-12 11:00:19 INFO  Benchmark_Timer - Begin run: Weighted Quick Union with Path Compression（One Path with 5 runs
2020-10-12 11:00:19 INFO  Benchmark_Timer - Begin run: Weighted Quick Union with Path Compression (Two Path) with 5 runs
2020-10-12 11:00:19 INFO  Benchmark_Timer - Begin run: Weighted Quick Union by depth(without path compression) with 5 runs
2020-10-12 11:00:19 INFO  Benchmark_Timer - Begin run: Weighted Quick Union with Path Compression（One Path with 5 runs
2020-10-12 11:00:20 INFO  Benchmark_Timer - Begin run: Weighted Quick Union with Path Compression (Two Path) with 5 runs
2020-10-12 11:00:20 INFO  Benchmark_Timer - Begin run: Weighted Quick Union by depth(without path compression) with 5 runs
2020-10-12 11:00:20 INFO  Benchmark_Timer - Begin run: Weighted Quick Union with Path Compression（One Path with 5 runs
2020-10-12 11:00:20 INFO  Benchmark_Timer - Begin run: Weighted Quick Union with Path Compression (Two Path) with 5 runs
2020-10-12 11:00:41 INFO  Benchmark_Timer - Begin run: Weighted Quick Union by depth(without path compression) with 5 runs
2020-10-12 11:00:41 INFO  Benchmark_Timer - Begin run: Weighted Quick Union with Path Compression（One Path with 5 runs
2020-10-12 11:00:41 INFO  Benchmark_Timer - Begin run: Weighted Quick Union with Path Compression (Two Path) with 5 runs
2020-10-12 11:00:41 INFO  Benchmark_Timer - Begin run: Weighted Quick Union by depth(without path compression) with 5 runs
2020-10-12 11:00:41 INFO  Benchmark_Timer - Begin run: Weighted Quick Union with Path Compression（One Path with 5 runs
2020-10-12 11:00:41 INFO  Benchmark_Timer - Begin run: Weighted Quick Union with Path Compression (Two Path) with 5 runs
2020-10-12 11:00:41 INFO  Benchmark_Timer - Begin run: Weighted Quick Union by depth(without path compression) with 5 runs
2020-10-12 11:00:41 INFO  Benchmark_Timer - Begin run: Weighted Quick Union with Path Compression（One Path with 5 runs
2020-10-12 11:00:41 INFO  Benchmark_Timer - Begin run: Weighted Quick Union with Path Compression (Two Path) with 5 runs
2020-10-12 11:00:41 INFO  Benchmark_Timer - Begin run: Weighted Quick Union by depth(without path compression) with 5 runs
2020-10-12 11:00:41 INFO  Benchmark_Timer - Begin run: Weighted Quick Union with Path Compression（One Path with 5 runs
2020-10-12 11:00:41 INFO  Benchmark_Timer - Begin run: Weighted Quick Union with Path Compression (Two Path) with 5 runs
2020-10-12 11:00:41 INFO  Benchmark_Timer - Begin run: Weighted Quick Union by depth(without path compression) with 5 runs
2020-10-12 11:00:41 INFO  Benchmark_Timer - Begin run: Weighted Quick Union with Path Compression（One Path with 5 runs
2020-10-12 11:00:41 INFO  Benchmark_Timer - Begin run: Weighted Quick Union with Path Compression (Two Path) with 5 runs
2020-10-12 11:00:41 INFO  Benchmark_Timer - Begin run: Weighted Quick Union by depth(without path compression) with 5 runs
2020-10-12 11:00:41 INFO  Benchmark_Timer - Begin run: Weighted Quick Union with Path Compression（One Path with 5 runs
2020-10-12 11:00:41 INFO  Benchmark_Timer - Begin run: Weighted Quick Union with Path Compression (Two Path) with 5 runs
2020-10-12 11:00:41 INFO  Benchmark_Timer - Begin run: Weighted Quick Union by depth(without path compression) with 5 runs
2020-10-12 11:00:41 INFO  Benchmark_Timer - Begin run: Weighted Quick Union with Path Compression（One Path with 5 runs
2020-10-12 11:00:41 INFO  Benchmark_Timer - Begin run: Weighted Quick Union with Path Compression (Two Path) with 5 runs
2020-10-12 11:01:08 INFO  Benchmark_Timer - Begin run: Weighted Quick Union by depth(without path compression) with 5 runs
2020-10-12 11:01:08 INFO  Benchmark_Timer - Begin run: Weighted Quick Union with Path Compression（One Path with 5 runs
2020-10-12 11:01:08 INFO  Benchmark_Timer - Begin run: Weighted Quick Union with Path Compression (Two Path) with 5 runs
2020-10-12 11:01:08 INFO  Benchmark_Timer - Begin run: Weighted Quick Union by depth(without path compression) with 5 runs
2020-10-12 11:01:08 INFO  Benchmark_Timer - Begin run: Weighted Quick Union with Path Compression（One Path with 5 runs
2020-10-12 11:01:08 INFO  Benchmark_Timer - Begin run: Weighted Quick Union with Path Compression (Two Path) with 5 runs
2020-10-12 11:01:08 INFO  Benchmark_Timer - Begin run: Weighted Quick Union by depth(without path compression) with 5 runs
2020-10-12 11:01:08 INFO  Benchmark_Timer - Begin run: Weighted Quick Union with Path Compression（One Path with 5 runs
2020-10-12 11:01:08 INFO  Benchmark_Timer - Begin run: Weighted Quick Union with Path Compression (Two Path) with 5 runs
2020-10-12 11:01:08 INFO  Benchmark_Timer - Begin run: Weighted Quick Union by depth(without path compression) with 5 runs
2020-10-12 11:01:08 INFO  Benchmark_Timer - Begin run: Weighted Quick Union with Path Compression（One Path with 5 runs
2020-10-12 11:01:08 INFO  Benchmark_Timer - Begin run: Weighted Quick Union with Path Compression (Two Path) with 5 runs
2020-10-12 11:01:08 INFO  Benchmark_Timer - Begin run: Weighted Quick Union by depth(without path compression) with 5 runs
2020-10-12 11:01:08 INFO  Benchmark_Timer - Begin run: Weighted Quick Union with Path Compression（One Path with 5 runs
2020-10-12 11:01:08 INFO  Benchmark_Timer - Begin run: Weighted Quick Union with Path Compression (Two Path) with 5 runs
2020-10-12 11:01:08 INFO  Benchmark_Timer - Begin run: Weighted Quick Union by depth(without path compression) with 5 runs
2020-10-12 11:01:08 INFO  Benchmark_Timer - Begin run: Weighted Quick Union with Path Compression（One Path with 5 runs
2020-10-12 11:01:08 INFO  Benchmark_Timer - Begin run: Weighted Quick Union with Path Compression (Two Path) with 5 runs
2020-10-12 11:01:08 INFO  Benchmark_Timer - Begin run: Weighted Quick Union by depth(without path compression) with 5 runs
2020-10-12 11:01:08 INFO  Benchmark_Timer - Begin run: Weighted Quick Union with Path Compression（One Path with 5 runs
2020-10-12 11:01:08 INFO  Benchmark_Timer - Begin run: Weighted Quick Union with Path Compression (Two Path) with 5 runs
2020-10-12 11:02:09 INFO  Benchmark_Timer - Begin run: Weighted Quick Union by depth(without path compression) with 5 runs
2020-10-12 11:02:09 INFO  Benchmark_Timer - Begin run: Weighted Quick Union with Path Compression（One Path with 5 runs
2020-10-12 11:02:09 INFO  Benchmark_Timer - Begin run: Weighted Quick Union with Path Compression (Two Path) with 5 runs
2020-10-12 11:02:09 INFO  Benchmark_Timer - Begin run: Weighted Quick Union by depth(without path compression) with 5 runs
2020-10-12 11:02:09 INFO  Benchmark_Timer - Begin run: Weighted Quick Union with Path Compression（One Path with 5 runs
2020-10-12 11:02:09 INFO  Benchmark_Timer - Begin run: Weighted Quick Union with Path Compression (Two Path) with 5 runs
2020-10-12 11:02:09 INFO  Benchmark_Timer - Begin run: Weighted Quick Union by depth(without path compression) with 5 runs
2020-10-12 11:02:09 INFO  Benchmark_Timer - Begin run: Weighted Quick Union with Path Compression（One Path with 5 runs
2020-10-12 11:02:09 INFO  Benchmark_Timer - Begin run: Weighted Quick Union with Path Compression (Two Path) with 5 runs
2020-10-12 11:02:09 INFO  Benchmark_Timer - Begin run: Weighted Quick Union by depth(without path compression) with 5 runs
2020-10-12 11:02:09 INFO  Benchmark_Timer - Begin run: Weighted Quick Union with Path Compression（One Path with 5 runs
2020-10-12 11:02:09 INFO  Benchmark_Timer - Begin run: Weighted Quick Union with Path Compression (Two Path) with 5 runs
2020-10-12 11:02:09 INFO  Benchmark_Timer - Begin run: Weighted Quick Union by depth(without path compression) with 5 runs
2020-10-12 11:02:09 INFO  Benchmark_Timer - Begin run: Weighted Quick Union with Path Compression（One Path with 5 runs
2020-10-12 11:02:09 INFO  Benchmark_Timer - Begin run: Weighted Quick Union with Path Compression (Two Path) with 5 runs
2020-10-12 11:02:09 INFO  Benchmark_Timer - Begin run: Weighted Quick Union by depth(without path compression) with 5 runs
2020-10-12 11:02:10 INFO  Benchmark_Timer - Begin run: Weighted Quick Union with Path Compression（One Path with 5 runs
2020-10-12 11:02:10 INFO  Benchmark_Timer - Begin run: Weighted Quick Union with Path Compression (Two Path) with 5 runs
2020-10-12 11:02:10 INFO  Benchmark_Timer - Begin run: Weighted Quick Union by depth(without path compression) with 5 runs
2020-10-12 11:02:10 INFO  Benchmark_Timer - Begin run: Weighted Quick Union with Path Compression（One Path with 5 runs
2020-10-12 11:02:10 INFO  Benchmark_Timer - Begin run: Weighted Quick Union with Path Compression (Two Path) with 5 runs
2020-10-12 11:17:30 INFO  Benchmark_Timer - Begin run: Weighted Quick Union by depth(without path compression) with 1 runs
2020-10-12 11:17:30 INFO  Benchmark_Timer - Begin run: Weighted Quick Union with Path Compression（One Path with 1 runs
2020-10-12 11:17:30 INFO  Benchmark_Timer - Begin run: Weighted Quick Union with Path Compression (Two Path) with 1 runs
2020-10-12 11:17:30 INFO  Benchmark_Timer - Begin run: Weighted Quick Union by depth(without path compression) with 1 runs
2020-10-12 11:17:30 INFO  Benchmark_Timer - Begin run: Weighted Quick Union with Path Compression（One Path with 1 runs
2020-10-12 11:17:30 INFO  Benchmark_Timer - Begin run: Weighted Quick Union with Path Compression (Two Path) with 1 runs
2020-10-12 11:17:30 INFO  Benchmark_Timer - Begin run: Weighted Quick Union by depth(without path compression) with 1 runs
2020-10-12 11:17:30 INFO  Benchmark_Timer - Begin run: Weighted Quick Union with Path Compression（One Path with 1 runs
2020-10-12 11:17:30 INFO  Benchmark_Timer - Begin run: Weighted Quick Union with Path Compression (Two Path) with 1 runs
2020-10-12 11:17:30 INFO  Benchmark_Timer - Begin run: Weighted Quick Union by depth(without path compression) with 1 runs
2020-10-12 11:17:30 INFO  Benchmark_Timer - Begin run: Weighted Quick Union with Path Compression（One Path with 1 runs
2020-10-12 11:17:30 INFO  Benchmark_Timer - Begin run: Weighted Quick Union with Path Compression (Two Path) with 1 runs
2020-10-12 11:17:30 INFO  Benchmark_Timer - Begin run: Weighted Quick Union by depth(without path compression) with 1 runs
2020-10-12 11:17:30 INFO  Benchmark_Timer - Begin run: Weighted Quick Union with Path Compression（One Path with 1 runs
2020-10-12 11:17:30 INFO  Benchmark_Timer - Begin run: Weighted Quick Union with Path Compression (Two Path) with 1 runs
2020-10-12 11:17:30 INFO  Benchmark_Timer - Begin run: Weighted Quick Union by depth(without path compression) with 1 runs
2020-10-12 11:17:30 INFO  Benchmark_Timer - Begin run: Weighted Quick Union with Path Compression（One Path with 1 runs
2020-10-12 11:17:30 INFO  Benchmark_Timer - Begin run: Weighted Quick Union with Path Compression (Two Path) with 1 runs
2020-10-12 11:17:30 INFO  Benchmark_Timer - Begin run: Weighted Quick Union by depth(without path compression) with 1 runs
2020-10-12 11:17:30 INFO  Benchmark_Timer - Begin run: Weighted Quick Union with Path Compression（One Path with 1 runs
2020-10-12 11:17:30 INFO  Benchmark_Timer - Begin run: Weighted Quick Union with Path Compression (Two Path) with 1 runs
2020-10-12 11:18:09 INFO  Benchmark_Timer - Begin run: Weighted Quick Union by depth(without path compression) with 1 runs
2020-10-12 11:18:09 INFO  Benchmark_Timer - Begin run: Weighted Quick Union with Path Compression（One Path with 1 runs
2020-10-12 11:18:09 INFO  Benchmark_Timer - Begin run: Weighted Quick Union with Path Compression (Two Path) with 1 runs
2020-10-12 11:18:09 INFO  Benchmark_Timer - Begin run: Weighted Quick Union by depth(without path compression) with 1 runs
2020-10-12 11:18:09 INFO  Benchmark_Timer - Begin run: Weighted Quick Union with Path Compression（One Path with 1 runs
2020-10-12 11:18:09 INFO  Benchmark_Timer - Begin run: Weighted Quick Union with Path Compression (Two Path) with 1 runs
2020-10-12 11:18:09 INFO  Benchmark_Timer - Begin run: Weighted Quick Union by depth(without path compression) with 1 runs
2020-10-12 11:18:09 INFO  Benchmark_Timer - Begin run: Weighted Quick Union with Path Compression（One Path with 1 runs
2020-10-12 11:18:09 INFO  Benchmark_Timer - Begin run: Weighted Quick Union with Path Compression (Two Path) with 1 runs
2020-10-12 11:18:09 INFO  Benchmark_Timer - Begin run: Weighted Quick Union by depth(without path compression) with 1 runs
2020-10-12 11:18:09 INFO  Benchmark_Timer - Begin run: Weighted Quick Union with Path Compression（One Path with 1 runs
2020-10-12 11:18:09 INFO  Benchmark_Timer - Begin run: Weighted Quick Union with Path Compression (Two Path) with 1 runs
2020-10-12 11:18:09 INFO  Benchmark_Timer - Begin run: Weighted Quick Union by depth(without path compression) with 1 runs
2020-10-12 11:18:09 INFO  Benchmark_Timer - Begin run: Weighted Quick Union with Path Compression（One Path with 1 runs
2020-10-12 11:18:09 INFO  Benchmark_Timer - Begin run: Weighted Quick Union with Path Compression (Two Path) with 1 runs
2020-10-12 11:18:09 INFO  Benchmark_Timer - Begin run: Weighted Quick Union by depth(without path compression) with 1 runs
2020-10-12 11:18:09 INFO  Benchmark_Timer - Begin run: Weighted Quick Union with Path Compression（One Path with 1 runs
2020-10-12 11:18:09 INFO  Benchmark_Timer - Begin run: Weighted Quick Union with Path Compression (Two Path) with 1 runs
2020-10-12 11:18:09 INFO  Benchmark_Timer - Begin run: Weighted Quick Union by depth(without path compression) with 1 runs
2020-10-12 11:18:09 INFO  Benchmark_Timer - Begin run: Weighted Quick Union with Path Compression（One Path with 1 runs
2020-10-12 11:18:09 INFO  Benchmark_Timer - Begin run: Weighted Quick Union with Path Compression (Two Path) with 1 runs
2020-10-12 11:19:16 INFO  Benchmark_Timer - Begin run: Weighted Quick Union by depth(without path compression) with 1 runs
2020-10-12 11:19:16 INFO  Benchmark_Timer - Begin run: Weighted Quick Union with Path Compression（One Path with 1 runs
2020-10-12 11:19:16 INFO  Benchmark_Timer - Begin run: Weighted Quick Union with Path Compression (Two Path) with 1 runs
2020-10-12 11:19:16 INFO  Benchmark_Timer - Begin run: Weighted Quick Union by depth(without path compression) with 1 runs
2020-10-12 11:19:16 INFO  Benchmark_Timer - Begin run: Weighted Quick Union with Path Compression（One Path with 1 runs
2020-10-12 11:19:16 INFO  Benchmark_Timer - Begin run: Weighted Quick Union with Path Compression (Two Path) with 1 runs
2020-10-12 11:19:16 INFO  Benchmark_Timer - Begin run: Weighted Quick Union by depth(without path compression) with 1 runs
2020-10-12 11:19:16 INFO  Benchmark_Timer - Begin run: Weighted Quick Union with Path Compression（One Path with 1 runs
2020-10-12 11:19:16 INFO  Benchmark_Timer - Begin run: Weighted Quick Union with Path Compression (Two Path) with 1 runs
2020-10-12 11:19:16 INFO  Benchmark_Timer - Begin run: Weighted Quick Union by depth(without path compression) with 1 runs
2020-10-12 11:19:16 INFO  Benchmark_Timer - Begin run: Weighted Quick Union with Path Compression（One Path with 1 runs
2020-10-12 11:19:16 INFO  Benchmark_Timer - Begin run: Weighted Quick Union with Path Compression (Two Path) with 1 runs
2020-10-12 11:19:16 INFO  Benchmark_Timer - Begin run: Weighted Quick Union by depth(without path compression) with 1 runs
2020-10-12 11:19:16 INFO  Benchmark_Timer - Begin run: Weighted Quick Union with Path Compression（One Path with 1 runs
2020-10-12 11:19:16 INFO  Benchmark_Timer - Begin run: Weighted Quick Union with Path Compression (Two Path) with 1 runs
2020-10-12 11:19:16 INFO  Benchmark_Timer - Begin run: Weighted Quick Union by depth(without path compression) with 1 runs
2020-10-12 11:19:16 INFO  Benchmark_Timer - Begin run: Weighted Quick Union with Path Compression（One Path with 1 runs
2020-10-12 11:19:16 INFO  Benchmark_Timer - Begin run: Weighted Quick Union with Path Compression (Two Path) with 1 runs
2020-10-12 11:19:16 INFO  Benchmark_Timer - Begin run: Weighted Quick Union by depth(without path compression) with 1 runs
2020-10-12 11:19:16 INFO  Benchmark_Timer - Begin run: Weighted Quick Union with Path Compression（One Path with 1 runs
2020-10-12 11:19:16 INFO  Benchmark_Timer - Begin run: Weighted Quick Union with Path Compression (Two Path) with 1 runs
2020-10-12 11:20:20 INFO  Benchmark_Timer - Begin run: Weighted Quick Union by depth(without path compression) with 1 runs
2020-10-12 11:20:20 INFO  Benchmark_Timer - Begin run: Weighted Quick Union by depth(without path compression) with 1 runs
2020-10-12 11:20:20 INFO  Benchmark_Timer - Begin run: Weighted Quick Union by depth(without path compression) with 1 runs
2020-10-12 11:20:20 INFO  Benchmark_Timer - Begin run: Weighted Quick Union by depth(without path compression) with 1 runs
2020-10-12 11:20:20 INFO  Benchmark_Timer - Begin run: Weighted Quick Union by depth(without path compression) with 1 runs
2020-10-12 11:20:20 INFO  Benchmark_Timer - Begin run: Weighted Quick Union by depth(without path compression) with 1 runs
2020-10-12 11:20:20 INFO  Benchmark_Timer - Begin run: Weighted Quick Union by depth(without path compression) with 1 runs
2020-10-12 11:21:30 INFO  Benchmark_Timer - Begin run: Weighted Quick Union by depth(without path compression) with 5 runs
2020-10-12 11:21:30 INFO  Benchmark_Timer - Begin run: Weighted Quick Union by depth(without path compression) with 5 runs
2020-10-12 11:21:30 INFO  Benchmark_Timer - Begin run: Weighted Quick Union by depth(without path compression) with 5 runs
2020-10-12 11:21:30 INFO  Benchmark_Timer - Begin run: Weighted Quick Union by depth(without path compression) with 5 runs
2020-10-12 11:21:30 INFO  Benchmark_Timer - Begin run: Weighted Quick Union by depth(without path compression) with 5 runs
2020-10-12 11:21:30 INFO  Benchmark_Timer - Begin run: Weighted Quick Union by depth(without path compression) with 5 runs
2020-10-12 11:21:30 INFO  Benchmark_Timer - Begin run: Weighted Quick Union by depth(without path compression) with 5 runs
2020-10-12 11:22:27 INFO  Benchmark_Timer - Begin run: Weighted Quick Union by depth(without path compression) with 5 runs
2020-10-12 11:23:59 INFO  Benchmark_Timer - Begin run: Weighted Quick Union by depth(without path compression) with 5 runs
2020-10-12 11:23:59 INFO  Benchmark_Timer - Begin run: Weighted Quick Union by depth(without path compression) with 5 runs
2020-10-12 11:24:28 INFO  Benchmark_Timer - Begin run: Weighted Quick Union by depth(without path compression) with 5 runs
2020-10-12 11:26:33 INFO  Benchmark_Timer - Begin run: Weighted Quick Union by depth(without path compression) with 5 runs
2020-10-12 11:26:36 INFO  Benchmark_Timer - Begin run: Weighted Quick Union by depth(without path compression) with 5 runs
2020-10-12 11:26:36 INFO  Benchmark_Timer - Begin run: Weighted Quick Union by depth(without path compression) with 5 runs
2020-10-12 11:26:36 INFO  Benchmark_Timer - Begin run: Weighted Quick Union by depth(without path compression) with 5 runs
2020-10-12 11:26:36 INFO  Benchmark_Timer - Begin run: Weighted Quick Union by depth(without path compression) with 5 runs
2020-10-12 11:26:36 INFO  Benchmark_Timer - Begin run: Weighted Quick Union by depth(without path compression) with 5 runs
2020-10-12 11:26:36 INFO  Benchmark_Timer - Begin run: Weighted Quick Union by depth(without path compression) with 5 runs
2020-10-12 11:26:36 INFO  Benchmark_Timer - Begin run: Weighted Quick Union by depth(without path compression) with 5 runs
2020-10-12 11:27:21 INFO  Benchmark_Timer - Begin run: Weighted Quick Union by depth(without path compression) with 5 runs
2020-10-12 11:27:21 INFO  Benchmark_Timer - Begin run: Weighted Quick Union with Path Compression（One Path with 5 runs
2020-10-12 11:27:21 INFO  Benchmark_Timer - Begin run: Weighted Quick Union with Path Compression (Two Path) with 5 runs
2020-10-12 11:27:21 INFO  Benchmark_Timer - Begin run: Weighted Quick Union by depth(without path compression) with 5 runs
2020-10-12 11:27:21 INFO  Benchmark_Timer - Begin run: Weighted Quick Union with Path Compression（One Path with 5 runs
2020-10-12 11:27:21 INFO  Benchmark_Timer - Begin run: Weighted Quick Union with Path Compression (Two Path) with 5 runs
2020-10-12 11:27:21 INFO  Benchmark_Timer - Begin run: Weighted Quick Union by depth(without path compression) with 5 runs
2020-10-12 11:27:21 INFO  Benchmark_Timer - Begin run: Weighted Quick Union with Path Compression（One Path with 5 runs
2020-10-12 11:27:21 INFO  Benchmark_Timer - Begin run: Weighted Quick Union with Path Compression (Two Path) with 5 runs
2020-10-12 11:27:21 INFO  Benchmark_Timer - Begin run: Weighted Quick Union by depth(without path compression) with 5 runs
2020-10-12 11:27:21 INFO  Benchmark_Timer - Begin run: Weighted Quick Union with Path Compression（One Path with 5 runs
2020-10-12 11:27:21 INFO  Benchmark_Timer - Begin run: Weighted Quick Union with Path Compression (Two Path) with 5 runs
2020-10-12 11:27:21 INFO  Benchmark_Timer - Begin run: Weighted Quick Union by depth(without path compression) with 5 runs
2020-10-12 11:27:21 INFO  Benchmark_Timer - Begin run: Weighted Quick Union with Path Compression（One Path with 5 runs
2020-10-12 11:27:21 INFO  Benchmark_Timer - Begin run: Weighted Quick Union with Path Compression (Two Path) with 5 runs
2020-10-12 11:27:21 INFO  Benchmark_Timer - Begin run: Weighted Quick Union by depth(without path compression) with 5 runs
2020-10-12 11:27:21 INFO  Benchmark_Timer - Begin run: Weighted Quick Union with Path Compression（One Path with 5 runs
2020-10-12 11:27:21 INFO  Benchmark_Timer - Begin run: Weighted Quick Union with Path Compression (Two Path) with 5 runs
2020-10-12 11:27:21 INFO  Benchmark_Timer - Begin run: Weighted Quick Union by depth(without path compression) with 5 runs
2020-10-12 11:27:21 INFO  Benchmark_Timer - Begin run: Weighted Quick Union with Path Compression（One Path with 5 runs
2020-10-12 11:27:21 INFO  Benchmark_Timer - Begin run: Weighted Quick Union with Path Compression (Two Path) with 5 runs
2020-10-12 11:27:37 INFO  Benchmark_Timer - Begin run: Weighted Quick Union by depth(without path compression) with 5 runs
2020-10-12 11:27:37 INFO  Benchmark_Timer - Begin run: Weighted Quick Union with Path Compression（One Path with 5 runs
2020-10-12 11:27:37 INFO  Benchmark_Timer - Begin run: Weighted Quick Union with Path Compression (Two Path) with 5 runs
2020-10-12 11:27:37 INFO  Benchmark_Timer - Begin run: Weighted Quick Union by depth(without path compression) with 5 runs
2020-10-12 11:27:37 INFO  Benchmark_Timer - Begin run: Weighted Quick Union with Path Compression（One Path with 5 runs
2020-10-12 11:27:38 INFO  Benchmark_Timer - Begin run: Weighted Quick Union with Path Compression (Two Path) with 5 runs
2020-10-12 11:27:38 INFO  Benchmark_Timer - Begin run: Weighted Quick Union by depth(without path compression) with 5 runs
2020-10-12 11:27:38 INFO  Benchmark_Timer - Begin run: Weighted Quick Union with Path Compression（One Path with 5 runs
2020-10-12 11:27:38 INFO  Benchmark_Timer - Begin run: Weighted Quick Union with Path Compression (Two Path) with 5 runs
2020-10-12 11:27:38 INFO  Benchmark_Timer - Begin run: Weighted Quick Union by depth(without path compression) with 5 runs
2020-10-12 11:27:38 INFO  Benchmark_Timer - Begin run: Weighted Quick Union with Path Compression（One Path with 5 runs
2020-10-12 11:27:38 INFO  Benchmark_Timer - Begin run: Weighted Quick Union with Path Compression (Two Path) with 5 runs
2020-10-12 11:27:38 INFO  Benchmark_Timer - Begin run: Weighted Quick Union by depth(without path compression) with 5 runs
2020-10-12 11:27:38 INFO  Benchmark_Timer - Begin run: Weighted Quick Union with Path Compression（One Path with 5 runs
2020-10-12 11:27:38 INFO  Benchmark_Timer - Begin run: Weighted Quick Union with Path Compression (Two Path) with 5 runs
2020-10-12 11:27:38 INFO  Benchmark_Timer - Begin run: Weighted Quick Union by depth(without path compression) with 5 runs
2020-10-12 11:27:38 INFO  Benchmark_Timer - Begin run: Weighted Quick Union with Path Compression（One Path with 5 runs
2020-10-12 11:27:38 INFO  Benchmark_Timer - Begin run: Weighted Quick Union with Path Compression (Two Path) with 5 runs
2020-10-12 11:27:38 INFO  Benchmark_Timer - Begin run: Weighted Quick Union by depth(without path compression) with 5 runs
2020-10-12 11:27:38 INFO  Benchmark_Timer - Begin run: Weighted Quick Union with Path Compression（One Path with 5 runs
2020-10-12 11:27:38 INFO  Benchmark_Timer - Begin run: Weighted Quick Union with Path Compression (Two Path) with 5 runs
2020-10-12 11:28:45 INFO  Benchmark_Timer - Begin run: Weighted Quick Union by depth(without path compression) with 5 runs
2020-10-12 11:28:45 INFO  Benchmark_Timer - Begin run: Weighted Quick Union with Path Compression（One Path with 5 runs
2020-10-12 11:28:45 INFO  Benchmark_Timer - Begin run: Weighted Quick Union with Path Compression (Two Path) with 5 runs
2020-10-12 11:28:45 INFO  Benchmark_Timer - Begin run: Weighted Quick Union by depth(without path compression) with 5 runs
2020-10-12 11:28:45 INFO  Benchmark_Timer - Begin run: Weighted Quick Union with Path Compression（One Path with 5 runs
2020-10-12 11:28:45 INFO  Benchmark_Timer - Begin run: Weighted Quick Union with Path Compression (Two Path) with 5 runs
2020-10-12 11:28:45 INFO  Benchmark_Timer - Begin run: Weighted Quick Union by depth(without path compression) with 5 runs
2020-10-12 11:28:45 INFO  Benchmark_Timer - Begin run: Weighted Quick Union with Path Compression（One Path with 5 runs
2020-10-12 11:28:45 INFO  Benchmark_Timer - Begin run: Weighted Quick Union with Path Compression (Two Path) with 5 runs
2020-10-12 11:28:45 INFO  Benchmark_Timer - Begin run: Weighted Quick Union by depth(without path compression) with 5 runs
2020-10-12 11:28:45 INFO  Benchmark_Timer - Begin run: Weighted Quick Union with Path Compression（One Path with 5 runs
2020-10-12 11:28:45 INFO  Benchmark_Timer - Begin run: Weighted Quick Union with Path Compression (Two Path) with 5 runs
2020-10-12 11:28:45 INFO  Benchmark_Timer - Begin run: Weighted Quick Union by depth(without path compression) with 5 runs
2020-10-12 11:28:45 INFO  Benchmark_Timer - Begin run: Weighted Quick Union with Path Compression（One Path with 5 runs
2020-10-12 11:28:45 INFO  Benchmark_Timer - Begin run: Weighted Quick Union with Path Compression (Two Path) with 5 runs
2020-10-12 11:28:45 INFO  Benchmark_Timer - Begin run: Weighted Quick Union by depth(without path compression) with 5 runs
2020-10-12 11:28:45 INFO  Benchmark_Timer - Begin run: Weighted Quick Union with Path Compression（One Path with 5 runs
2020-10-12 11:28:46 INFO  Benchmark_Timer - Begin run: Weighted Quick Union with Path Compression (Two Path) with 5 runs
2020-10-12 11:28:46 INFO  Benchmark_Timer - Begin run: Weighted Quick Union by depth(without path compression) with 5 runs
2020-10-12 11:28:46 INFO  Benchmark_Timer - Begin run: Weighted Quick Union with Path Compression（One Path with 5 runs
2020-10-12 11:28:46 INFO  Benchmark_Timer - Begin run: Weighted Quick Union with Path Compression (Two Path) with 5 runs
2020-10-12 11:29:41 INFO  Benchmark_Timer - Begin run: Weighted Quick Union by depth(without path compression) with 5 runs
2020-10-12 11:29:41 INFO  Benchmark_Timer - Begin run: Weighted Quick Union with Path Compression（One Path with 5 runs
2020-10-12 11:29:41 INFO  Benchmark_Timer - Begin run: Weighted Quick Union with Path Compression (Two Path) with 5 runs
2020-10-12 11:29:41 INFO  Benchmark_Timer - Begin run: Weighted Quick Union by depth(without path compression) with 5 runs
2020-10-12 11:29:41 INFO  Benchmark_Timer - Begin run: Weighted Quick Union with Path Compression（One Path with 5 runs
2020-10-12 11:29:41 INFO  Benchmark_Timer - Begin run: Weighted Quick Union with Path Compression (Two Path) with 5 runs
2020-10-12 11:29:41 INFO  Benchmark_Timer - Begin run: Weighted Quick Union by depth(without path compression) with 5 runs
2020-10-12 11:29:41 INFO  Benchmark_Timer - Begin run: Weighted Quick Union with Path Compression（One Path with 5 runs
2020-10-12 11:29:41 INFO  Benchmark_Timer - Begin run: Weighted Quick Union with Path Compression (Two Path) with 5 runs
2020-10-12 11:29:41 INFO  Benchmark_Timer - Begin run: Weighted Quick Union by depth(without path compression) with 5 runs
2020-10-12 11:29:41 INFO  Benchmark_Timer - Begin run: Weighted Quick Union with Path Compression（One Path with 5 runs
2020-10-12 11:29:41 INFO  Benchmark_Timer - Begin run: Weighted Quick Union with Path Compression (Two Path) with 5 runs
2020-10-12 11:29:41 INFO  Benchmark_Timer - Begin run: Weighted Quick Union by depth(without path compression) with 5 runs
2020-10-12 11:29:41 INFO  Benchmark_Timer - Begin run: Weighted Quick Union with Path Compression（One Path with 5 runs
2020-10-12 11:29:41 INFO  Benchmark_Timer - Begin run: Weighted Quick Union with Path Compression (Two Path) with 5 runs
2020-10-12 11:29:41 INFO  Benchmark_Timer - Begin run: Weighted Quick Union by depth(without path compression) with 5 runs
2020-10-12 11:29:41 INFO  Benchmark_Timer - Begin run: Weighted Quick Union with Path Compression（One Path with 5 runs
2020-10-12 11:29:41 INFO  Benchmark_Timer - Begin run: Weighted Quick Union with Path Compression (Two Path) with 5 runs
2020-10-12 11:29:41 INFO  Benchmark_Timer - Begin run: Weighted Quick Union by depth(without path compression) with 5 runs
2020-10-12 11:29:42 INFO  Benchmark_Timer - Begin run: Weighted Quick Union with Path Compression（One Path with 5 runs
2020-10-12 11:29:42 INFO  Benchmark_Timer - Begin run: Weighted Quick Union with Path Compression (Two Path) with 5 runs
2020-10-12 11:35:04 INFO  Benchmark_Timer - Begin run: Weighted Quick Union by depth(without path compression) with 5 runs
2020-10-12 11:35:04 INFO  Benchmark_Timer - Begin run: Weighted Quick Union with Path Compression（One Path with 5 runs
2020-10-12 11:35:04 INFO  Benchmark_Timer - Begin run: Weighted Quick Union with Path Compression (Two Path) with 5 runs
2020-10-12 11:35:04 INFO  Benchmark_Timer - Begin run: Weighted Quick Union by depth(without path compression) with 5 runs
2020-10-12 11:35:04 INFO  Benchmark_Timer - Begin run: Weighted Quick Union with Path Compression（One Path with 5 runs
2020-10-12 11:35:04 INFO  Benchmark_Timer - Begin run: Weighted Quick Union with Path Compression (Two Path) with 5 runs
2020-10-12 11:35:04 INFO  Benchmark_Timer - Begin run: Weighted Quick Union by depth(without path compression) with 5 runs
2020-10-12 11:35:04 INFO  Benchmark_Timer - Begin run: Weighted Quick Union with Path Compression（One Path with 5 runs
2020-10-12 11:35:04 INFO  Benchmark_Timer - Begin run: Weighted Quick Union with Path Compression (Two Path) with 5 runs
2020-10-12 11:35:04 INFO  Benchmark_Timer - Begin run: Weighted Quick Union by depth(without path compression) with 5 runs
2020-10-12 11:35:04 INFO  Benchmark_Timer - Begin run: Weighted Quick Union with Path Compression（One Path with 5 runs
2020-10-12 11:35:04 INFO  Benchmark_Timer - Begin run: Weighted Quick Union with Path Compression (Two Path) with 5 runs
2020-10-12 11:35:04 INFO  Benchmark_Timer - Begin run: Weighted Quick Union by depth(without path compression) with 5 runs
2020-10-12 11:35:04 INFO  Benchmark_Timer - Begin run: Weighted Quick Union with Path Compression（One Path with 5 runs
2020-10-12 11:35:04 INFO  Benchmark_Timer - Begin run: Weighted Quick Union with Path Compression (Two Path) with 5 runs
2020-10-12 11:35:04 INFO  Benchmark_Timer - Begin run: Weighted Quick Union by depth(without path compression) with 5 runs
2020-10-12 11:35:05 INFO  Benchmark_Timer - Begin run: Weighted Quick Union with Path Compression（One Path with 5 runs
2020-10-12 11:35:05 INFO  Benchmark_Timer - Begin run: Weighted Quick Union with Path Compression (Two Path) with 5 runs
2020-10-12 11:35:05 INFO  Benchmark_Timer - Begin run: Weighted Quick Union by depth(without path compression) with 5 runs
2020-10-12 11:35:05 INFO  Benchmark_Timer - Begin run: Weighted Quick Union with Path Compression（One Path with 5 runs
2020-10-12 11:35:05 INFO  Benchmark_Timer - Begin run: Weighted Quick Union with Path Compression (Two Path) with 5 runs
2020-10-12 11:35:21 INFO  Benchmark_Timer - Begin run: Weighted Quick Union by depth(without path compression) with 5 runs
2020-10-12 11:35:21 INFO  Benchmark_Timer - Begin run: Weighted Quick Union with Path Compression（One Path with 5 runs
2020-10-12 11:35:21 INFO  Benchmark_Timer - Begin run: Weighted Quick Union with Path Compression (Two Path) with 5 runs
2020-10-12 11:35:21 INFO  Benchmark_Timer - Begin run: Weighted Quick Union by depth(without path compression) with 5 runs
2020-10-12 11:35:21 INFO  Benchmark_Timer - Begin run: Weighted Quick Union with Path Compression（One Path with 5 runs
2020-10-12 11:35:21 INFO  Benchmark_Timer - Begin run: Weighted Quick Union with Path Compression (Two Path) with 5 runs
2020-10-12 11:35:21 INFO  Benchmark_Timer - Begin run: Weighted Quick Union by depth(without path compression) with 5 runs
2020-10-12 11:35:21 INFO  Benchmark_Timer - Begin run: Weighted Quick Union with Path Compression（One Path with 5 runs
2020-10-12 11:35:21 INFO  Benchmark_Timer - Begin run: Weighted Quick Union with Path Compression (Two Path) with 5 runs
2020-10-12 11:35:21 INFO  Benchmark_Timer - Begin run: Weighted Quick Union by depth(without path compression) with 5 runs
2020-10-12 11:35:21 INFO  Benchmark_Timer - Begin run: Weighted Quick Union with Path Compression（One Path with 5 runs
2020-10-12 11:35:21 INFO  Benchmark_Timer - Begin run: Weighted Quick Union with Path Compression (Two Path) with 5 runs
2020-10-12 11:35:21 INFO  Benchmark_Timer - Begin run: Weighted Quick Union by depth(without path compression) with 5 runs
2020-10-12 11:35:21 INFO  Benchmark_Timer - Begin run: Weighted Quick Union with Path Compression（One Path with 5 runs
2020-10-12 11:35:21 INFO  Benchmark_Timer - Begin run: Weighted Quick Union with Path Compression (Two Path) with 5 runs
2020-10-12 11:35:21 INFO  Benchmark_Timer - Begin run: Weighted Quick Union by depth(without path compression) with 5 runs
2020-10-12 11:35:21 INFO  Benchmark_Timer - Begin run: Weighted Quick Union with Path Compression（One Path with 5 runs
2020-10-12 11:35:21 INFO  Benchmark_Timer - Begin run: Weighted Quick Union with Path Compression (Two Path) with 5 runs
2020-10-12 11:35:21 INFO  Benchmark_Timer - Begin run: Weighted Quick Union by depth(without path compression) with 5 runs
2020-10-12 11:35:21 INFO  Benchmark_Timer - Begin run: Weighted Quick Union with Path Compression（One Path with 5 runs
2020-10-12 11:35:21 INFO  Benchmark_Timer - Begin run: Weighted Quick Union with Path Compression (Two Path) with 5 runs
2020-10-12 11:36:06 INFO  Benchmark_Timer - Begin run: Weighted Quick Union by depth(without path compression) with 5 runs
2020-10-12 11:36:06 INFO  Benchmark_Timer - Begin run: Weighted Quick Union with Path Compression（One Path with 5 runs
2020-10-12 11:36:06 INFO  Benchmark_Timer - Begin run: Weighted Quick Union with Path Compression (Two Path) with 5 runs
2020-10-12 11:36:06 INFO  Benchmark_Timer - Begin run: Weighted Quick Union by depth(without path compression) with 5 runs
2020-10-12 11:36:06 INFO  Benchmark_Timer - Begin run: Weighted Quick Union with Path Compression（One Path with 5 runs
2020-10-12 11:36:06 INFO  Benchmark_Timer - Begin run: Weighted Quick Union with Path Compression (Two Path) with 5 runs
2020-10-12 11:36:06 INFO  Benchmark_Timer - Begin run: Weighted Quick Union by depth(without path compression) with 5 runs
2020-10-12 11:36:06 INFO  Benchmark_Timer - Begin run: Weighted Quick Union with Path Compression（One Path with 5 runs
2020-10-12 11:36:06 INFO  Benchmark_Timer - Begin run: Weighted Quick Union with Path Compression (Two Path) with 5 runs
2020-10-12 11:36:06 INFO  Benchmark_Timer - Begin run: Weighted Quick Union by depth(without path compression) with 5 runs
2020-10-12 11:36:06 INFO  Benchmark_Timer - Begin run: Weighted Quick Union with Path Compression（One Path with 5 runs
2020-10-12 11:36:06 INFO  Benchmark_Timer - Begin run: Weighted Quick Union with Path Compression (Two Path) with 5 runs
2020-10-12 11:36:06 INFO  Benchmark_Timer - Begin run: Weighted Quick Union by depth(without path compression) with 5 runs
2020-10-12 11:36:06 INFO  Benchmark_Timer - Begin run: Weighted Quick Union with Path Compression（One Path with 5 runs
2020-10-12 11:36:06 INFO  Benchmark_Timer - Begin run: Weighted Quick Union with Path Compression (Two Path) with 5 runs
2020-10-12 11:36:06 INFO  Benchmark_Timer - Begin run: Weighted Quick Union by depth(without path compression) with 5 runs
2020-10-12 11:36:06 INFO  Benchmark_Timer - Begin run: Weighted Quick Union with Path Compression（One Path with 5 runs
2020-10-12 11:36:06 INFO  Benchmark_Timer - Begin run: Weighted Quick Union with Path Compression (Two Path) with 5 runs
2020-10-12 11:36:06 INFO  Benchmark_Timer - Begin run: Weighted Quick Union by depth(without path compression) with 5 runs
2020-10-12 11:36:07 INFO  Benchmark_Timer - Begin run: Weighted Quick Union with Path Compression（One Path with 5 runs
2020-10-12 11:36:07 INFO  Benchmark_Timer - Begin run: Weighted Quick Union with Path Compression (Two Path) with 5 runs
2020-10-12 11:38:11 INFO  Benchmark_Timer - Begin run: Weighted Quick Union by depth(without path compression) with 5 runs
2020-10-12 11:38:11 INFO  Benchmark_Timer - Begin run: Weighted Quick Union with Path Compression（One Path with 5 runs
2020-10-12 11:38:11 INFO  Benchmark_Timer - Begin run: Weighted Quick Union with Path Compression (Two Path) with 5 runs
2020-10-12 11:38:11 INFO  Benchmark_Timer - Begin run: Weighted Quick Union by depth(without path compression) with 5 runs
2020-10-12 11:38:11 INFO  Benchmark_Timer - Begin run: Weighted Quick Union with Path Compression（One Path with 5 runs
2020-10-12 11:38:11 INFO  Benchmark_Timer - Begin run: Weighted Quick Union with Path Compression (Two Path) with 5 runs
2020-10-12 11:38:11 INFO  Benchmark_Timer - Begin run: Weighted Quick Union by depth(without path compression) with 5 runs
2020-10-12 11:38:11 INFO  Benchmark_Timer - Begin run: Weighted Quick Union with Path Compression（One Path with 5 runs
2020-10-12 11:38:11 INFO  Benchmark_Timer - Begin run: Weighted Quick Union with Path Compression (Two Path) with 5 runs
2020-10-12 11:38:11 INFO  Benchmark_Timer - Begin run: Weighted Quick Union by depth(without path compression) with 5 runs
2020-10-12 11:38:11 INFO  Benchmark_Timer - Begin run: Weighted Quick Union with Path Compression（One Path with 5 runs
2020-10-12 11:38:11 INFO  Benchmark_Timer - Begin run: Weighted Quick Union with Path Compression (Two Path) with 5 runs
2020-10-12 11:38:11 INFO  Benchmark_Timer - Begin run: Weighted Quick Union by depth(without path compression) with 5 runs
2020-10-12 11:38:11 INFO  Benchmark_Timer - Begin run: Weighted Quick Union with Path Compression（One Path with 5 runs
2020-10-12 11:38:11 INFO  Benchmark_Timer - Begin run: Weighted Quick Union with Path Compression (Two Path) with 5 runs
2020-10-12 11:38:11 INFO  Benchmark_Timer - Begin run: Weighted Quick Union by depth(without path compression) with 5 runs
2020-10-12 11:38:11 INFO  Benchmark_Timer - Begin run: Weighted Quick Union with Path Compression（One Path with 5 runs
2020-10-12 11:38:11 INFO  Benchmark_Timer - Begin run: Weighted Quick Union with Path Compression (Two Path) with 5 runs
2020-10-12 11:38:11 INFO  Benchmark_Timer - Begin run: Weighted Quick Union by depth(without path compression) with 5 runs
2020-10-12 11:38:12 INFO  Benchmark_Timer - Begin run: Weighted Quick Union with Path Compression（One Path with 5 runs
2020-10-12 11:38:12 INFO  Benchmark_Timer - Begin run: Weighted Quick Union with Path Compression (Two Path) with 5 runs
2020-10-12 11:38:31 INFO  Benchmark_Timer - Begin run: Weighted Quick Union by depth(without path compression) with 5 runs
2020-10-12 11:38:31 INFO  Benchmark_Timer - Begin run: Weighted Quick Union with Path Compression（One Path with 5 runs
2020-10-12 11:38:31 INFO  Benchmark_Timer - Begin run: Weighted Quick Union with Path Compression (Two Path) with 5 runs
2020-10-12 11:38:31 INFO  Benchmark_Timer - Begin run: Weighted Quick Union by depth(without path compression) with 5 runs
2020-10-12 11:38:31 INFO  Benchmark_Timer - Begin run: Weighted Quick Union with Path Compression（One Path with 5 runs
2020-10-12 11:38:31 INFO  Benchmark_Timer - Begin run: Weighted Quick Union with Path Compression (Two Path) with 5 runs
2020-10-12 11:38:31 INFO  Benchmark_Timer - Begin run: Weighted Quick Union by depth(without path compression) with 5 runs
2020-10-12 11:38:31 INFO  Benchmark_Timer - Begin run: Weighted Quick Union with Path Compression（One Path with 5 runs
2020-10-12 11:38:31 INFO  Benchmark_Timer - Begin run: Weighted Quick Union with Path Compression (Two Path) with 5 runs
2020-10-12 11:38:31 INFO  Benchmark_Timer - Begin run: Weighted Quick Union by depth(without path compression) with 5 runs
2020-10-12 11:38:31 INFO  Benchmark_Timer - Begin run: Weighted Quick Union with Path Compression（One Path with 5 runs
2020-10-12 11:38:31 INFO  Benchmark_Timer - Begin run: Weighted Quick Union with Path Compression (Two Path) with 5 runs
2020-10-12 11:38:31 INFO  Benchmark_Timer - Begin run: Weighted Quick Union by depth(without path compression) with 5 runs
2020-10-12 11:38:31 INFO  Benchmark_Timer - Begin run: Weighted Quick Union with Path Compression（One Path with 5 runs
2020-10-12 11:38:31 INFO  Benchmark_Timer - Begin run: Weighted Quick Union with Path Compression (Two Path) with 5 runs
2020-10-12 11:38:31 INFO  Benchmark_Timer - Begin run: Weighted Quick Union by depth(without path compression) with 5 runs
2020-10-12 11:38:31 INFO  Benchmark_Timer - Begin run: Weighted Quick Union with Path Compression（One Path with 5 runs
2020-10-12 11:38:31 INFO  Benchmark_Timer - Begin run: Weighted Quick Union with Path Compression (Two Path) with 5 runs
2020-10-12 11:38:31 INFO  Benchmark_Timer - Begin run: Weighted Quick Union by depth(without path compression) with 5 runs
2020-10-12 11:38:31 INFO  Benchmark_Timer - Begin run: Weighted Quick Union with Path Compression（One Path with 5 runs
2020-10-12 11:38:31 INFO  Benchmark_Timer - Begin run: Weighted Quick Union with Path Compression (Two Path) with 5 runs
2020-10-12 12:21:37 INFO  Benchmark_Timer - Begin run: Weighted Quick Union by depth(without path compression) with 5 runs
2020-10-12 12:21:37 INFO  Benchmark_Timer - Begin run: Weighted Quick Union with Path Compression（One Path with 5 runs
2020-10-12 12:21:37 INFO  Benchmark_Timer - Begin run: Weighted Quick Union with Path Compression (Two Path) with 5 runs
2020-10-12 12:21:37 INFO  Benchmark_Timer - Begin run: Weighted Quick Union by depth(without path compression) with 5 runs
2020-10-12 12:21:38 INFO  Benchmark_Timer - Begin run: Weighted Quick Union with Path Compression（One Path with 5 runs
2020-10-12 12:21:38 INFO  Benchmark_Timer - Begin run: Weighted Quick Union with Path Compression (Two Path) with 5 runs
2020-10-12 12:21:38 INFO  Benchmark_Timer - Begin run: Weighted Quick Union by depth(without path compression) with 5 runs
2020-10-12 12:21:38 INFO  Benchmark_Timer - Begin run: Weighted Quick Union with Path Compression（One Path with 5 runs
2020-10-12 12:21:38 INFO  Benchmark_Timer - Begin run: Weighted Quick Union with Path Compression (Two Path) with 5 runs
2020-10-12 12:21:38 INFO  Benchmark_Timer - Begin run: Weighted Quick Union by depth(without path compression) with 5 runs
2020-10-12 12:21:38 INFO  Benchmark_Timer - Begin run: Weighted Quick Union with Path Compression（One Path with 5 runs
2020-10-12 12:21:38 INFO  Benchmark_Timer - Begin run: Weighted Quick Union with Path Compression (Two Path) with 5 runs
2020-10-12 12:21:38 INFO  Benchmark_Timer - Begin run: Weighted Quick Union by depth(without path compression) with 5 runs
2020-10-12 12:21:38 INFO  Benchmark_Timer - Begin run: Weighted Quick Union with Path Compression（One Path with 5 runs
2020-10-12 12:21:38 INFO  Benchmark_Timer - Begin run: Weighted Quick Union with Path Compression (Two Path) with 5 runs
2020-10-12 12:21:38 INFO  Benchmark_Timer - Begin run: Weighted Quick Union by depth(without path compression) with 5 runs
2020-10-12 12:21:38 INFO  Benchmark_Timer - Begin run: Weighted Quick Union with Path Compression（One Path with 5 runs
2020-10-12 12:21:38 INFO  Benchmark_Timer - Begin run: Weighted Quick Union with Path Compression (Two Path) with 5 runs
2020-10-12 12:21:38 INFO  Benchmark_Timer - Begin run: Weighted Quick Union by depth(without path compression) with 5 runs
2020-10-12 12:21:38 INFO  Benchmark_Timer - Begin run: Weighted Quick Union with Path Compression（One Path with 5 runs
2020-10-12 12:21:38 INFO  Benchmark_Timer - Begin run: Weighted Quick Union with Path Compression (Two Path) with 5 runs
2020-10-12 12:22:10 INFO  Benchmark_Timer - Begin run: Weighted Quick Union by depth(without path compression) with 5 runs
2020-10-12 12:22:10 INFO  Benchmark_Timer - Begin run: Weighted Quick Union with Path Compression（One Path with 5 runs
2020-10-12 12:22:10 INFO  Benchmark_Timer - Begin run: Weighted Quick Union with Path Compression (Two Path) with 5 runs
2020-10-12 12:22:10 INFO  Benchmark_Timer - Begin run: Weighted Quick Union by depth(without path compression) with 5 runs
2020-10-12 12:22:10 INFO  Benchmark_Timer - Begin run: Weighted Quick Union with Path Compression（One Path with 5 runs
2020-10-12 12:22:10 INFO  Benchmark_Timer - Begin run: Weighted Quick Union with Path Compression (Two Path) with 5 runs
2020-10-12 12:22:10 INFO  Benchmark_Timer - Begin run: Weighted Quick Union by depth(without path compression) with 5 runs
2020-10-12 12:22:10 INFO  Benchmark_Timer - Begin run: Weighted Quick Union with Path Compression（One Path with 5 runs
2020-10-12 12:22:10 INFO  Benchmark_Timer - Begin run: Weighted Quick Union with Path Compression (Two Path) with 5 runs
2020-10-12 12:22:10 INFO  Benchmark_Timer - Begin run: Weighted Quick Union by depth(without path compression) with 5 runs
2020-10-12 12:22:10 INFO  Benchmark_Timer - Begin run: Weighted Quick Union with Path Compression（One Path with 5 runs
2020-10-12 12:22:10 INFO  Benchmark_Timer - Begin run: Weighted Quick Union with Path Compression (Two Path) with 5 runs
2020-10-12 12:22:10 INFO  Benchmark_Timer - Begin run: Weighted Quick Union by depth(without path compression) with 5 runs
2020-10-12 12:22:10 INFO  Benchmark_Timer - Begin run: Weighted Quick Union with Path Compression（One Path with 5 runs
2020-10-12 12:22:10 INFO  Benchmark_Timer - Begin run: Weighted Quick Union with Path Compression (Two Path) with 5 runs
2020-10-12 12:22:10 INFO  Benchmark_Timer - Begin run: Weighted Quick Union by depth(without path compression) with 5 runs
2020-10-12 12:22:10 INFO  Benchmark_Timer - Begin run: Weighted Quick Union with Path Compression（One Path with 5 runs
2020-10-12 12:22:10 INFO  Benchmark_Timer - Begin run: Weighted Quick Union with Path Compression (Two Path) with 5 runs
2020-10-12 12:22:10 INFO  Benchmark_Timer - Begin run: Weighted Quick Union by depth(without path compression) with 5 runs
2020-10-12 12:22:10 INFO  Benchmark_Timer - Begin run: Weighted Quick Union with Path Compression（One Path with 5 runs
2020-10-12 12:22:10 INFO  Benchmark_Timer - Begin run: Weighted Quick Union with Path Compression (Two Path) with 5 runs
2020-10-12 12:23:23 INFO  Benchmark_Timer - Begin run: Weighted Quick Union by depth(without path compression) with 5 runs
2020-10-12 12:23:23 INFO  Benchmark_Timer - Begin run: Weighted Quick Union with Path Compression（One Path with 5 runs
2020-10-12 12:23:23 INFO  Benchmark_Timer - Begin run: Weighted Quick Union with Path Compression (Two Path) with 5 runs
2020-10-12 12:23:23 INFO  Benchmark_Timer - Begin run: Weighted Quick Union by depth(without path compression) with 5 runs
2020-10-12 12:23:23 INFO  Benchmark_Timer - Begin run: Weighted Quick Union with Path Compression（One Path with 5 runs
2020-10-12 12:23:23 INFO  Benchmark_Timer - Begin run: Weighted Quick Union with Path Compression (Two Path) with 5 runs
2020-10-12 12:23:23 INFO  Benchmark_Timer - Begin run: Weighted Quick Union by depth(without path compression) with 5 runs
2020-10-12 12:23:23 INFO  Benchmark_Timer - Begin run: Weighted Quick Union with Path Compression（One Path with 5 runs
2020-10-12 12:23:23 INFO  Benchmark_Timer - Begin run: Weighted Quick Union with Path Compression (Two Path) with 5 runs
2020-10-12 12:23:23 INFO  Benchmark_Timer - Begin run: Weighted Quick Union by depth(without path compression) with 5 runs
2020-10-12 12:23:23 INFO  Benchmark_Timer - Begin run: Weighted Quick Union with Path Compression（One Path with 5 runs
2020-10-12 12:23:23 INFO  Benchmark_Timer - Begin run: Weighted Quick Union with Path Compression (Two Path) with 5 runs
2020-10-12 12:23:23 INFO  Benchmark_Timer - Begin run: Weighted Quick Union by depth(without path compression) with 5 runs
2020-10-12 12:23:23 INFO  Benchmark_Timer - Begin run: Weighted Quick Union with Path Compression（One Path with 5 runs
2020-10-12 12:23:23 INFO  Benchmark_Timer - Begin run: Weighted Quick Union with Path Compression (Two Path) with 5 runs
2020-10-12 12:23:23 INFO  Benchmark_Timer - Begin run: Weighted Quick Union by depth(without path compression) with 5 runs
2020-10-12 12:23:23 INFO  Benchmark_Timer - Begin run: Weighted Quick Union with Path Compression（One Path with 5 runs
2020-10-12 12:23:23 INFO  Benchmark_Timer - Begin run: Weighted Quick Union with Path Compression (Two Path) with 5 runs
2020-10-12 12:23:23 INFO  Benchmark_Timer - Begin run: Weighted Quick Union by depth(without path compression) with 5 runs
2020-10-12 12:23:23 INFO  Benchmark_Timer - Begin run: Weighted Quick Union with Path Compression（One Path with 5 runs
2020-10-12 12:23:24 INFO  Benchmark_Timer - Begin run: Weighted Quick Union with Path Compression (Two Path) with 5 runs
2020-10-12 12:24:20 INFO  Benchmark_Timer - Begin run: Weighted Quick Union by depth(without path compression) with 5 runs
2020-10-12 12:24:20 INFO  Benchmark_Timer - Begin run: Weighted Quick Union with Path Compression（One Path with 5 runs
2020-10-12 12:24:20 INFO  Benchmark_Timer - Begin run: Weighted Quick Union with Path Compression (Two Path) with 5 runs
2020-10-12 12:24:20 INFO  Benchmark_Timer - Begin run: Weighted Quick Union by depth(without path compression) with 5 runs
2020-10-12 12:24:20 INFO  Benchmark_Timer - Begin run: Weighted Quick Union with Path Compression（One Path with 5 runs
2020-10-12 12:24:20 INFO  Benchmark_Timer - Begin run: Weighted Quick Union with Path Compression (Two Path) with 5 runs
2020-10-12 12:24:20 INFO  Benchmark_Timer - Begin run: Weighted Quick Union by depth(without path compression) with 5 runs
2020-10-12 12:24:20 INFO  Benchmark_Timer - Begin run: Weighted Quick Union with Path Compression（One Path with 5 runs
2020-10-12 12:24:20 INFO  Benchmark_Timer - Begin run: Weighted Quick Union with Path Compression (Two Path) with 5 runs
2020-10-12 12:24:20 INFO  Benchmark_Timer - Begin run: Weighted Quick Union by depth(without path compression) with 5 runs
2020-10-12 12:24:20 INFO  Benchmark_Timer - Begin run: Weighted Quick Union with Path Compression（One Path with 5 runs
2020-10-12 12:24:20 INFO  Benchmark_Timer - Begin run: Weighted Quick Union with Path Compression (Two Path) with 5 runs
2020-10-12 12:24:20 INFO  Benchmark_Timer - Begin run: Weighted Quick Union by depth(without path compression) with 5 runs
2020-10-12 12:24:20 INFO  Benchmark_Timer - Begin run: Weighted Quick Union with Path Compression（One Path with 5 runs
2020-10-12 12:24:20 INFO  Benchmark_Timer - Begin run: Weighted Quick Union with Path Compression (Two Path) with 5 runs
2020-10-12 12:24:20 INFO  Benchmark_Timer - Begin run: Weighted Quick Union by depth(without path compression) with 5 runs
2020-10-12 12:24:20 INFO  Benchmark_Timer - Begin run: Weighted Quick Union with Path Compression（One Path with 5 runs
2020-10-12 12:24:20 INFO  Benchmark_Timer - Begin run: Weighted Quick Union with Path Compression (Two Path) with 5 runs
2020-10-12 12:24:20 INFO  Benchmark_Timer - Begin run: Weighted Quick Union by depth(without path compression) with 5 runs
2020-10-12 12:24:20 INFO  Benchmark_Timer - Begin run: Weighted Quick Union with Path Compression（One Path with 5 runs
2020-10-12 12:24:20 INFO  Benchmark_Timer - Begin run: Weighted Quick Union with Path Compression (Two Path) with 5 runs
2020-10-12 12:30:34 INFO  Benchmark_Timer - Begin run: Weighted Quick Union by depth(without path compression) with 100 runs
2020-10-12 12:30:34 INFO  Benchmark_Timer - Begin run: Weighted Quick Union with Path Compression（One Path with 100 runs
2020-10-12 12:30:34 INFO  Benchmark_Timer - Begin run: Weighted Quick Union with Path Compression (Two Path) with 100 runs
2020-10-12 12:30:34 INFO  Benchmark_Timer - Begin run: Weighted Quick Union by depth(without path compression) with 100 runs
2020-10-12 12:30:34 INFO  Benchmark_Timer - Begin run: Weighted Quick Union with Path Compression（One Path with 100 runs
2020-10-12 12:30:34 INFO  Benchmark_Timer - Begin run: Weighted Quick Union with Path Compression (Two Path) with 100 runs
2020-10-12 12:30:34 INFO  Benchmark_Timer - Begin run: Weighted Quick Union by depth(without path compression) with 100 runs
2020-10-12 12:30:34 INFO  Benchmark_Timer - Begin run: Weighted Quick Union with Path Compression（One Path with 100 runs
2020-10-12 12:30:34 INFO  Benchmark_Timer - Begin run: Weighted Quick Union with Path Compression (Two Path) with 100 runs
2020-10-12 12:30:35 INFO  Benchmark_Timer - Begin run: Weighted Quick Union by depth(without path compression) with 100 runs
2020-10-12 12:30:35 INFO  Benchmark_Timer - Begin run: Weighted Quick Union with Path Compression（One Path with 100 runs
2020-10-12 12:30:35 INFO  Benchmark_Timer - Begin run: Weighted Quick Union with Path Compression (Two Path) with 100 runs
2020-10-12 12:30:35 INFO  Benchmark_Timer - Begin run: Weighted Quick Union by depth(without path compression) with 100 runs
2020-10-12 12:30:35 INFO  Benchmark_Timer - Begin run: Weighted Quick Union with Path Compression（One Path with 100 runs
2020-10-12 12:30:36 INFO  Benchmark_Timer - Begin run: Weighted Quick Union with Path Compression (Two Path) with 100 runs
2020-10-12 12:30:36 INFO  Benchmark_Timer - Begin run: Weighted Quick Union by depth(without path compression) with 100 runs
2020-10-12 12:30:37 INFO  Benchmark_Timer - Begin run: Weighted Quick Union with Path Compression（One Path with 100 runs
2020-10-12 12:30:37 INFO  Benchmark_Timer - Begin run: Weighted Quick Union with Path Compression (Two Path) with 100 runs
2020-10-12 12:30:38 INFO  Benchmark_Timer - Begin run: Weighted Quick Union by depth(without path compression) with 100 runs
2020-10-12 12:30:40 INFO  Benchmark_Timer - Begin run: Weighted Quick Union with Path Compression（One Path with 100 runs
2020-10-12 12:30:42 INFO  Benchmark_Timer - Begin run: Weighted Quick Union with Path Compression (Two Path) with 100 runs
2020-10-12 13:36:06 INFO  Benchmark_Timer - Begin run: Weighted Quick Union by depth(without path compression) with 100 runs
2020-10-12 13:36:06 INFO  Benchmark_Timer - Begin run: Weighted Quick Union with Path Compression（One Path with 100 runs
2020-10-12 13:36:06 INFO  Benchmark_Timer - Begin run: Weighted Quick Union with Path Compression (Two Path) with 100 runs
2020-10-12 13:36:07 INFO  Benchmark_Timer - Begin run: Weighted Quick Union by depth(without path compression) with 100 runs
2020-10-12 13:36:07 INFO  Benchmark_Timer - Begin run: Weighted Quick Union with Path Compression（One Path with 100 runs
2020-10-12 13:36:07 INFO  Benchmark_Timer - Begin run: Weighted Quick Union with Path Compression (Two Path) with 100 runs
2020-10-12 13:36:07 INFO  Benchmark_Timer - Begin run: Weighted Quick Union by depth(without path compression) with 100 runs
2020-10-12 13:36:07 INFO  Benchmark_Timer - Begin run: Weighted Quick Union with Path Compression（One Path with 100 runs
2020-10-12 13:36:07 INFO  Benchmark_Timer - Begin run: Weighted Quick Union with Path Compression (Two Path) with 100 runs
2020-10-12 13:36:07 INFO  Benchmark_Timer - Begin run: Weighted Quick Union by depth(without path compression) with 100 runs
2020-10-12 13:36:07 INFO  Benchmark_Timer - Begin run: Weighted Quick Union with Path Compression（One Path with 100 runs
2020-10-12 13:36:07 INFO  Benchmark_Timer - Begin run: Weighted Quick Union with Path Compression (Two Path) with 100 runs
2020-10-12 13:36:07 INFO  Benchmark_Timer - Begin run: Weighted Quick Union by depth(without path compression) with 100 runs
2020-10-12 13:36:08 INFO  Benchmark_Timer - Begin run: Weighted Quick Union with Path Compression（One Path with 100 runs
2020-10-12 13:36:08 INFO  Benchmark_Timer - Begin run: Weighted Quick Union with Path Compression (Two Path) with 100 runs
2020-10-12 13:36:08 INFO  Benchmark_Timer - Begin run: Weighted Quick Union by depth(without path compression) with 100 runs
2020-10-12 13:36:09 INFO  Benchmark_Timer - Begin run: Weighted Quick Union with Path Compression（One Path with 100 runs
2020-10-12 13:36:10 INFO  Benchmark_Timer - Begin run: Weighted Quick Union with Path Compression (Two Path) with 100 runs
2020-10-12 13:36:11 INFO  Benchmark_Timer - Begin run: Weighted Quick Union by depth(without path compression) with 100 runs
2020-10-12 13:36:13 INFO  Benchmark_Timer - Begin run: Weighted Quick Union with Path Compression（One Path with 100 runs
2020-10-12 13:36:15 INFO  Benchmark_Timer - Begin run: Weighted Quick Union with Path Compression (Two Path) with 100 runs
2020-10-12 13:45:51 INFO  Benchmark_Timer - Begin run: Weighted Quick Union by Size(without path compression) with 100 runs
2020-10-12 13:45:51 INFO  Benchmark_Timer - Begin run: Weighted Quick Union by Depth(without path compression) with 100 runs
2020-10-12 13:45:51 INFO  Benchmark_Timer - Begin run: Weighted Quick Union with Path Compression（One Path with 100 runs
2020-10-12 13:45:51 INFO  Benchmark_Timer - Begin run: Weighted Quick Union with Path Compression (Two Path) with 100 runs
2020-10-12 13:45:51 INFO  Benchmark_Timer - Begin run: Weighted Quick Union by Size(without path compression) with 100 runs
2020-10-12 13:45:51 INFO  Benchmark_Timer - Begin run: Weighted Quick Union by Depth(without path compression) with 100 runs
2020-10-12 13:45:51 INFO  Benchmark_Timer - Begin run: Weighted Quick Union with Path Compression（One Path with 100 runs
2020-10-12 13:45:51 INFO  Benchmark_Timer - Begin run: Weighted Quick Union with Path Compression (Two Path) with 100 runs
2020-10-12 13:45:51 INFO  Benchmark_Timer - Begin run: Weighted Quick Union by Size(without path compression) with 100 runs
2020-10-12 13:45:51 INFO  Benchmark_Timer - Begin run: Weighted Quick Union by Depth(without path compression) with 100 runs
2020-10-12 13:45:51 INFO  Benchmark_Timer - Begin run: Weighted Quick Union with Path Compression（One Path with 100 runs
2020-10-12 13:45:51 INFO  Benchmark_Timer - Begin run: Weighted Quick Union with Path Compression (Two Path) with 100 runs
2020-10-12 13:45:51 INFO  Benchmark_Timer - Begin run: Weighted Quick Union by Size(without path compression) with 100 runs
2020-10-12 13:45:52 INFO  Benchmark_Timer - Begin run: Weighted Quick Union by Depth(without path compression) with 100 runs
2020-10-12 13:45:52 INFO  Benchmark_Timer - Begin run: Weighted Quick Union with Path Compression（One Path with 100 runs
2020-10-12 13:45:52 INFO  Benchmark_Timer - Begin run: Weighted Quick Union with Path Compression (Two Path) with 100 runs
2020-10-12 13:45:52 INFO  Benchmark_Timer - Begin run: Weighted Quick Union by Size(without path compression) with 100 runs
2020-10-12 13:45:52 INFO  Benchmark_Timer - Begin run: Weighted Quick Union by Depth(without path compression) with 100 runs
2020-10-12 13:45:53 INFO  Benchmark_Timer - Begin run: Weighted Quick Union with Path Compression（One Path with 100 runs
2020-10-12 13:45:53 INFO  Benchmark_Timer - Begin run: Weighted Quick Union with Path Compression (Two Path) with 100 runs
2020-10-12 13:45:53 INFO  Benchmark_Timer - Begin run: Weighted Quick Union by Size(without path compression) with 100 runs
2020-10-12 13:45:54 INFO  Benchmark_Timer - Begin run: Weighted Quick Union by Depth(without path compression) with 100 runs
2020-10-12 13:45:55 INFO  Benchmark_Timer - Begin run: Weighted Quick Union with Path Compression（One Path with 100 runs
2020-10-12 13:45:56 INFO  Benchmark_Timer - Begin run: Weighted Quick Union with Path Compression (Two Path) with 100 runs
2020-10-12 13:45:56 INFO  Benchmark_Timer - Begin run: Weighted Quick Union by Size(without path compression) with 100 runs
2020-10-12 13:45:58 INFO  Benchmark_Timer - Begin run: Weighted Quick Union by Depth(without path compression) with 100 runs
2020-10-12 13:46:00 INFO  Benchmark_Timer - Begin run: Weighted Quick Union with Path Compression（One Path with 100 runs
2020-10-12 13:46:02 INFO  Benchmark_Timer - Begin run: Weighted Quick Union with Path Compression (Two Path) with 100 runs
2020-10-12 13:49:29 INFO  Benchmark_Timer - Begin run: Weighted Quick Union by Size(without path compression) with 100 runs
2020-10-12 13:49:29 INFO  Benchmark_Timer - Begin run: Weighted Quick Union by Depth(without path compression) with 100 runs
2020-10-12 13:49:29 INFO  Benchmark_Timer - Begin run: Weighted Quick Union with Path Compression（One Path with 100 runs
2020-10-12 13:49:29 INFO  Benchmark_Timer - Begin run: Weighted Quick Union with Path Compression (Two Path) with 100 runs
2020-10-12 13:49:29 INFO  Benchmark_Timer - Begin run: Weighted Quick Union by Size(without path compression) with 100 runs
2020-10-12 13:49:29 INFO  Benchmark_Timer - Begin run: Weighted Quick Union by Depth(without path compression) with 100 runs
2020-10-12 13:49:29 INFO  Benchmark_Timer - Begin run: Weighted Quick Union with Path Compression（One Path with 100 runs
2020-10-12 13:49:29 INFO  Benchmark_Timer - Begin run: Weighted Quick Union with Path Compression (Two Path) with 100 runs
2020-10-12 13:49:29 INFO  Benchmark_Timer - Begin run: Weighted Quick Union by Size(without path compression) with 100 runs
2020-10-12 13:49:29 INFO  Benchmark_Timer - Begin run: Weighted Quick Union by Depth(without path compression) with 100 runs
2020-10-12 13:49:29 INFO  Benchmark_Timer - Begin run: Weighted Quick Union with Path Compression（One Path with 100 runs
2020-10-12 13:49:29 INFO  Benchmark_Timer - Begin run: Weighted Quick Union with Path Compression (Two Path) with 100 runs
2020-10-12 13:49:29 INFO  Benchmark_Timer - Begin run: Weighted Quick Union by Size(without path compression) with 100 runs
2020-10-12 13:49:30 INFO  Benchmark_Timer - Begin run: Weighted Quick Union by Depth(without path compression) with 100 runs
2020-10-12 13:49:30 INFO  Benchmark_Timer - Begin run: Weighted Quick Union with Path Compression（One Path with 100 runs
2020-10-12 13:49:30 INFO  Benchmark_Timer - Begin run: Weighted Quick Union with Path Compression (Two Path) with 100 runs
2020-10-12 13:49:30 INFO  Benchmark_Timer - Begin run: Weighted Quick Union by Size(without path compression) with 100 runs
2020-10-12 13:49:30 INFO  Benchmark_Timer - Begin run: Weighted Quick Union by Depth(without path compression) with 100 runs
2020-10-12 13:49:31 INFO  Benchmark_Timer - Begin run: Weighted Quick Union with Path Compression（One Path with 100 runs
2020-10-12 13:49:31 INFO  Benchmark_Timer - Begin run: Weighted Quick Union with Path Compression (Two Path) with 100 runs
2020-10-12 13:49:31 INFO  Benchmark_Timer - Begin run: Weighted Quick Union by Size(without path compression) with 100 runs
2020-10-12 13:49:32 INFO  Benchmark_Timer - Begin run: Weighted Quick Union by Depth(without path compression) with 100 runs
2020-10-12 13:49:33 INFO  Benchmark_Timer - Begin run: Weighted Quick Union with Path Compression（One Path with 100 runs
2020-10-12 13:49:34 INFO  Benchmark_Timer - Begin run: Weighted Quick Union with Path Compression (Two Path) with 100 runs
2020-10-12 13:49:34 INFO  Benchmark_Timer - Begin run: Weighted Quick Union by Size(without path compression) with 100 runs
2020-10-12 13:49:36 INFO  Benchmark_Timer - Begin run: Weighted Quick Union by Depth(without path compression) with 100 runs
2020-10-12 13:49:38 INFO  Benchmark_Timer - Begin run: Weighted Quick Union with Path Compression（One Path with 100 runs
2020-10-12 13:49:40 INFO  Benchmark_Timer - Begin run: Weighted Quick Union with Path Compression (Two Path) with 100 runs
2020-10-12 14:16:21 INFO  Benchmark_Timer - Begin run: Weighted Quick Union by Size(without path compression) with 100 runs
2020-10-12 14:16:21 INFO  Benchmark_Timer - Begin run: Weighted Quick Union by Depth(without path compression) with 100 runs
2020-10-12 14:16:21 INFO  Benchmark_Timer - Begin run: Weighted Quick Union with Path Compression（One Path with 100 runs
2020-10-12 14:16:21 INFO  Benchmark_Timer - Begin run: Weighted Quick Union with Path Compression (Two Path) with 100 runs
2020-10-12 14:16:21 INFO  Benchmark_Timer - Begin run: Weighted Quick Union by Size(without path compression) with 100 runs
2020-10-12 14:16:21 INFO  Benchmark_Timer - Begin run: Weighted Quick Union by Depth(without path compression) with 100 runs
2020-10-12 14:16:21 INFO  Benchmark_Timer - Begin run: Weighted Quick Union with Path Compression（One Path with 100 runs
2020-10-12 14:16:21 INFO  Benchmark_Timer - Begin run: Weighted Quick Union with Path Compression (Two Path) with 100 runs
2020-10-12 14:16:21 INFO  Benchmark_Timer - Begin run: Weighted Quick Union by Size(without path compression) with 100 runs
2020-10-12 14:16:21 INFO  Benchmark_Timer - Begin run: Weighted Quick Union by Depth(without path compression) with 100 runs
2020-10-12 14:16:21 INFO  Benchmark_Timer - Begin run: Weighted Quick Union with Path Compression（One Path with 100 runs
2020-10-12 14:16:21 INFO  Benchmark_Timer - Begin run: Weighted Quick Union with Path Compression (Two Path) with 100 runs
2020-10-12 14:16:21 INFO  Benchmark_Timer - Begin run: Weighted Quick Union by Size(without path compression) with 100 runs
2020-10-12 14:16:22 INFO  Benchmark_Timer - Begin run: Weighted Quick Union by Depth(without path compression) with 100 runs
2020-10-12 14:16:22 INFO  Benchmark_Timer - Begin run: Weighted Quick Union with Path Compression（One Path with 100 runs
2020-10-12 14:16:22 INFO  Benchmark_Timer - Begin run: Weighted Quick Union with Path Compression (Two Path) with 100 runs
2020-10-12 14:16:22 INFO  Benchmark_Timer - Begin run: Weighted Quick Union by Size(without path compression) with 100 runs
2020-10-12 14:16:22 INFO  Benchmark_Timer - Begin run: Weighted Quick Union by Depth(without path compression) with 100 runs
2020-10-12 14:16:23 INFO  Benchmark_Timer - Begin run: Weighted Quick Union with Path Compression（One Path with 100 runs
2020-10-12 14:16:23 INFO  Benchmark_Timer - Begin run: Weighted Quick Union with Path Compression (Two Path) with 100 runs
2020-10-12 14:16:23 INFO  Benchmark_Timer - Begin run: Weighted Quick Union by Size(without path compression) with 100 runs
2020-10-12 14:16:24 INFO  Benchmark_Timer - Begin run: Weighted Quick Union by Depth(without path compression) with 100 runs
2020-10-12 14:16:25 INFO  Benchmark_Timer - Begin run: Weighted Quick Union with Path Compression（One Path with 100 runs
2020-10-12 14:16:26 INFO  Benchmark_Timer - Begin run: Weighted Quick Union with Path Compression (Two Path) with 100 runs
2020-10-12 14:16:26 INFO  Benchmark_Timer - Begin run: Weighted Quick Union by Size(without path compression) with 100 runs
2020-10-12 14:16:28 INFO  Benchmark_Timer - Begin run: Weighted Quick Union by Depth(without path compression) with 100 runs
2020-10-12 14:16:30 INFO  Benchmark_Timer - Begin run: Weighted Quick Union with Path Compression（One Path with 100 runs
2020-10-12 14:16:32 INFO  Benchmark_Timer - Begin run: Weighted Quick Union with Path Compression (Two Path) with 100 runs
2020-10-12 14:35:09 INFO  Benchmark_Timer - Begin run: Weighted Quick Union by Size(without path compression) with 5 runs
2020-10-12 14:35:09 INFO  Benchmark_Timer - Begin run: Weighted Quick Union by Depth(without path compression) with 5 runs
2020-10-12 14:35:09 INFO  Benchmark_Timer - Begin run: Weighted Quick Union with Path Compression（One Path with 5 runs
2020-10-12 14:35:09 INFO  Benchmark_Timer - Begin run: Weighted Quick Union with Path Compression (Two Path) with 5 runs
2020-10-12 14:35:09 INFO  Benchmark_Timer - Begin run: Weighted Quick Union by Size(without path compression) with 5 runs
2020-10-12 14:35:09 INFO  Benchmark_Timer - Begin run: Weighted Quick Union by Depth(without path compression) with 5 runs
2020-10-12 14:35:09 INFO  Benchmark_Timer - Begin run: Weighted Quick Union with Path Compression（One Path with 5 runs
2020-10-12 14:35:10 INFO  Benchmark_Timer - Begin run: Weighted Quick Union with Path Compression (Two Path) with 5 runs
2020-10-12 14:35:10 INFO  Benchmark_Timer - Begin run: Weighted Quick Union by Size(without path compression) with 5 runs
2020-10-12 14:35:10 INFO  Benchmark_Timer - Begin run: Weighted Quick Union by Depth(without path compression) with 5 runs
2020-10-12 14:35:10 INFO  Benchmark_Timer - Begin run: Weighted Quick Union with Path Compression（One Path with 5 runs
2020-10-12 14:35:10 INFO  Benchmark_Timer - Begin run: Weighted Quick Union with Path Compression (Two Path) with 5 runs
2020-10-12 14:35:10 INFO  Benchmark_Timer - Begin run: Weighted Quick Union by Size(without path compression) with 5 runs
2020-10-12 14:35:10 INFO  Benchmark_Timer - Begin run: Weighted Quick Union by Depth(without path compression) with 5 runs
2020-10-12 14:35:10 INFO  Benchmark_Timer - Begin run: Weighted Quick Union with Path Compression（One Path with 5 runs
2020-10-12 14:35:10 INFO  Benchmark_Timer - Begin run: Weighted Quick Union with Path Compression (Two Path) with 5 runs
2020-10-12 14:35:10 INFO  Benchmark_Timer - Begin run: Weighted Quick Union by Size(without path compression) with 5 runs
2020-10-12 14:35:10 INFO  Benchmark_Timer - Begin run: Weighted Quick Union by Depth(without path compression) with 5 runs
2020-10-12 14:35:10 INFO  Benchmark_Timer - Begin run: Weighted Quick Union with Path Compression（One Path with 5 runs
2020-10-12 14:35:10 INFO  Benchmark_Timer - Begin run: Weighted Quick Union with Path Compression (Two Path) with 5 runs
2020-10-12 14:35:10 INFO  Benchmark_Timer - Begin run: Weighted Quick Union by Size(without path compression) with 5 runs
2020-10-12 14:35:10 INFO  Benchmark_Timer - Begin run: Weighted Quick Union by Depth(without path compression) with 5 runs
2020-10-12 14:35:10 INFO  Benchmark_Timer - Begin run: Weighted Quick Union with Path Compression（One Path with 5 runs
2020-10-12 14:35:10 INFO  Benchmark_Timer - Begin run: Weighted Quick Union with Path Compression (Two Path) with 5 runs
2020-10-12 14:35:10 INFO  Benchmark_Timer - Begin run: Weighted Quick Union by Size(without path compression) with 5 runs
2020-10-12 14:35:10 INFO  Benchmark_Timer - Begin run: Weighted Quick Union by Depth(without path compression) with 5 runs
2020-10-12 14:35:10 INFO  Benchmark_Timer - Begin run: Weighted Quick Union with Path Compression（One Path with 5 runs
2020-10-12 14:35:10 INFO  Benchmark_Timer - Begin run: Weighted Quick Union with Path Compression (Two Path) with 5 runs
